#
# A fatal error has been detected by the Java Runtime Environment:
#
#  EXCEPTION_ACCESS_VIOLATION (0xc0000005) at pc=0x00007ffa7a82f642, pid=10136, tid=3168
#
# JRE version: OpenJDK Runtime Environment Temurin-17.0.1+12 (17.0.1+12) (build 17.0.1+12)
# Java VM: OpenJDK 64-Bit Server VM Temurin-17.0.1+12 (17.0.1+12, mixed mode, tiered, compressed oops, compressed class ptrs, parallel gc, windows-amd64)
# Problematic frame:
# V  [jvm.dll+0x6bf642]
#
# No core dump will be written. Minidumps are not enabled by default on client versions of Windows
#
# If you would like to submit a bug report, please visit:
#   https://github.com/adoptium/adoptium-support/issues
#

---------------  S U M M A R Y ------------

Command Line: --add-modules=ALL-SYSTEM --add-opens=java.base/java.util=ALL-UNNAMED --add-opens=java.base/java.lang=ALL-UNNAMED --add-opens=java.base/sun.nio.fs=ALL-UNNAMED -Declipse.application=org.eclipse.jdt.ls.core.id1 -Dosgi.bundles.defaultStartLevel=4 -Declipse.product=org.eclipse.jdt.ls.core.product -Djava.import.generatesMetadataFilesAtProjectRoot=false -Dfile.encoding=utf8 -DwatchParentProcess=false -XX:+UseParallelGC -XX:GCTimeRatio=4 -XX:AdaptiveSizePolicyWeight=90 -Dsun.zip.disableMemoryMapping=true -Xmx1G -Xms100m -XX:+HeapDumpOnOutOfMemoryError -XX:HeapDumpPath=c:\Users\welli\AppData\Roaming\Code\User\workspaceStorage\19ef204e6349fe1e0a102ed532032786\redhat.java c:\Users\welli\.vscode\extensions\redhat.java-1.3.0\server\plugins\org.eclipse.equinox.launcher_1.6.400.v20210924-0641.jar -configuration c:\Users\welli\AppData\Roaming\Code\User\globalStorage\redhat.java\1.3.0\config_win -data c:\Users\welli\AppData\Roaming\Code\User\workspaceStorage\19ef204e6349fe1e0a102ed532032786\redhat.java\jdt_ws

Host: Intel(R) Core(TM) i5-8250U CPU @ 1.60GHz, 8 cores, 7G,  Windows 10 , 64 bit Build 22000 (10.0.22000.434)
Time: Fri Feb 18 11:53:43 2022 Hora oficial do Brasil elapsed time: 35.455764 seconds (0d 0h 0m 35s)

---------------  T H R E A D  ---------------

Current thread (0x00000185a8240b10):  JavaThread "C2 CompilerThread2" daemon [_thread_in_native, id=3168, stack(0x0000002e98f00000,0x0000002e99000000)]


Current CompileTask:
C2:  35455 3776   !   4       org.eclipse.osgi.internal.loader.classpath.ClasspathManager::defineClass (636 bytes)

Stack: [0x0000002e98f00000,0x0000002e99000000],  sp=0x0000002e98ffb570,  free space=1005k
Native frames: (J=compiled Java code, j=interpreted, Vv=VM code, C=native code)
V  [jvm.dll+0x6bf642]
V  [jvm.dll+0x1bb5a1]
V  [jvm.dll+0x218189]
V  [jvm.dll+0x217451]
V  [jvm.dll+0x1a355d]
V  [jvm.dll+0x226e38]
V  [jvm.dll+0x224f7c]
V  [jvm.dll+0x7e3f5b]
V  [jvm.dll+0x7de51a]
V  [jvm.dll+0x673305]
C  [ucrtbase.dll+0x26c0c]
C  [KERNEL32.DLL+0x154e0]
C  [ntdll.dll+0x485b]


siginfo: EXCEPTION_ACCESS_VIOLATION (0xc0000005), reading address 0xffffffffffffffff


Register to memory mapping:

RIP=0x00007ffa7a82f642 jvm.dll
RAX=0x00400185a7ded460 is an unknown value
RBX=0x00000185aaca5ec0 points into unknown readable memory: 0x0000000000000000 | 00 00 00 00 00 00 00 00
RCX=0x0000000000000001 is an unknown value
RDX=0x0000000000000001 is an unknown value
RSP=0x0000002e98ffb570 is pointing into the stack for thread: 0x00000185a8240b10
RBP=0x0000002e98ffb670 is pointing into the stack for thread: 0x00000185a8240b10
RSI=0x00000185ac30f9a0 points into unknown readable memory: 0x00000185aa5a5b80 | 80 5b 5a aa 85 01 00 00
RDI=0x00000185aaca5ef0 points into unknown readable memory: 0x0000010101010101 | 01 01 01 01 01 01 00 00
R8 =0x000000000000001b is an unknown value
R9 =0x00000000000009f2 is an unknown value
R10=0x0000000000000006 is an unknown value
R11=0x0000000000000006 is an unknown value
R12=0x00000000000006e0 is an unknown value
R13=0x00000185aa5abed0 points into unknown readable memory: 0x00007ffa7aa863a0 | a0 63 a8 7a fa 7f 00 00
R14=0x0 is NULL
R15=0x0000002e98ffbd00 is pointing into the stack for thread: 0x00000185a8240b10


Registers:
RAX=0x00400185a7ded460, RBX=0x00000185aaca5ec0, RCX=0x0000000000000001, RDX=0x0000000000000001
RSP=0x0000002e98ffb570, RBP=0x0000002e98ffb670, RSI=0x00000185ac30f9a0, RDI=0x00000185aaca5ef0
R8 =0x000000000000001b, R9 =0x00000000000009f2, R10=0x0000000000000006, R11=0x0000000000000006
R12=0x00000000000006e0, R13=0x00000185aa5abed0, R14=0x0000000000000000, R15=0x0000002e98ffbd00
RIP=0x00007ffa7a82f642, EFLAGS=0x0000000000010202

Top of Stack: (sp=0x0000002e98ffb570)
0x0000002e98ffb570:   0000000000000008 0000002e98ffb670
0x0000002e98ffb580:   00000185a98d8008 00000185aa27b6e0
0x0000002e98ffb590:   0000018500002852 0000018500000002
0x0000002e98ffb5a0:   0000000000002850 0000002e98ffb600
0x0000002e98ffb5b0:   000001855e08f800 0000002e98ffb7e0
0x0000002e98ffb5c0:   0000000000000000 00000185aa6bbf78
0x0000002e98ffb5d0:   0000002e00000001 00000185aa5abed0
0x0000002e98ffb5e0:   0000000100000006 00007ffa0000000a
0x0000002e98ffb5f0:   0000000000000000 0000000000000000
0x0000002e98ffb600:   00007ffa00000000 00000185aaca5ec0
0x0000002e98ffb610:   0000001b00000000 00000185aaca5ef0
0x0000002e98ffb620:   00000185aac96b00 00000000000006e0
0x0000002e98ffb630:   00000185aac90da0 00000185aac93c50
0x0000002e98ffb640:   00000185aaca8d70 00000185aa971050
0x0000002e98ffb650:   0000000000000000 00000185ac391ab0
0x0000002e98ffb660:   0000000000000000 0000000000000003 

Instructions: (pc=0x00007ffa7a82f642)
0x00007ffa7a82f542:   44 0f 29 84 24 90 03 00 00 0f 10 7d 30 89 75 a4
0x00007ffa7a82f552:   39 71 40 0f 86 ad 1e 00 00 8b 05 d7 8b 4e 00 f2
0x00007ffa7a82f562:   44 0f 10 05 ee 04 2f 00 48 89 45 f8 66 90 49 8b
0x00007ffa7a82f572:   5f 10 8b 83 38 02 00 00 2b 83 60 02 00 00 41 03
0x00007ffa7a82f582:   c3 3b 43 68 0f 87 89 1f 00 00 48 8b 42 30 41 8b
0x00007ffa7a82f592:   c8 4c 8b 2c c8 48 8b 4d c0 4c 89 6c 24 68 41 8b
0x00007ffa7a82f5a2:   45 4c 48 8b 1c c1 48 8b 4d c8 48 89 5d 98 48 8b
0x00007ffa7a82f5b2:   3c c1 8b c6 89 45 90 48 89 7d a8 45 85 db 0f 84
0x00007ffa7a82f5c2:   85 06 00 00 4c 8b f6 48 89 75 88 0f 1f 00 48 8b
0x00007ffa7a82f5d2:   4d d0 48 98 8b 0c 81 49 8b 47 70 4c 69 e1 b0 00
0x00007ffa7a82f5e2:   00 00 89 4c 24 78 48 8b 48 20 4c 89 65 b8 4a 8b
0x00007ffa7a82f5f2:   4c 21 18 48 83 f9 ff 74 24 e8 c0 39 f9 ff 84 c0
0x00007ffa7a82f602:   74 1b 49 8b 47 70 48 8b 48 20 4a 8b 44 21 18 4a
0x00007ffa7a82f612:   89 04 f3 41 c6 04 3e 01 e9 88 05 00 00 48 8b 85
0x00007ffa7a82f622:   10 03 00 00 45 32 ff ba 01 00 00 00 44 88 7d a0
0x00007ffa7a82f632:   49 8b cd 48 8b 40 48 48 8b 70 78 e8 8e 10 a6 ff
0x00007ffa7a82f642:   8b 48 28 48 8b 04 ce 8b 48 4c 48 8b 45 c0 48 8b
0x00007ffa7a82f652:   04 c8 4a 8b 1c f0 48 8b 45 c8 4c 8b eb 44 8b 75
0x00007ffa7a82f662:   90 48 8b 04 c8 48 8b 4c 24 68 41 0f b6 3c 06 40
0x00007ffa7a82f672:   88 bd 28 03 00 00 e8 33 10 a6 ff 83 f8 02 0f 86
0x00007ffa7a82f682:   b2 00 00 00 48 8b 4c 24 68 83 c0 fe 4c 8b 5d 88
0x00007ffa7a82f692:   41 b8 10 00 00 00 44 8b 65 a0 44 8b c8 44 8b 51
0x00007ffa7a82f6a2:   18 45 85 d2 74 09 48 8b 41 20 48 8b 00 eb 02 33
0x00007ffa7a82f6b2:   c0 48 8b 40 08 45 0f b6 ff 4a 8b 0c 00 8b 41 28
0x00007ffa7a82f6c2:   48 8b 0c c6 48 8b 45 c0 8b 51 4c 48 8b 04 d0 4a
0x00007ffa7a82f6d2:   8b 0c d8 48 8b 45 c8 48 3b d9 48 8b 04 d0 41 0f
0x00007ffa7a82f6e2:   b6 14 06 b8 01 00 00 00 44 0f 45 f8 48 85 db 74
0x00007ffa7a82f6f2:   10 48 85 c9 74 0b 40 3a fa 45 0f b6 e4 44 0f 45
0x00007ffa7a82f702:   e0 48 8b d9 0f b6 fa 4d 85 ed 75 0e 48 85 c9 74
0x00007ffa7a82f712:   09 4c 8b e9 88 95 28 03 00 00 48 8b 4c 24 68 49
0x00007ffa7a82f722:   83 c0 08 4c 2b c8 0f 85 75 ff ff ff 44 89 65 a0
0x00007ffa7a82f732:   4c 8b 65 b8 eb 05 b8 01 00 00 00 48 8b 74 24 68 


Stack slot to memory mapping:
stack at sp + 0 slots: 0x0000000000000008 is an unknown value
stack at sp + 1 slots: 0x0000002e98ffb670 is pointing into the stack for thread: 0x00000185a8240b10
stack at sp + 2 slots: 0x00000185a98d8008 points into unknown readable memory: 0x00007ffa7aa81550 | 50 15 a8 7a fa 7f 00 00
stack at sp + 3 slots: 0x00000185aa27b6e0 points into unknown readable memory: 0x00007ffa7aa81550 | 50 15 a8 7a fa 7f 00 00
stack at sp + 4 slots: 0x0000018500002852 is an unknown value
stack at sp + 5 slots: 0x0000018500000002 is an unknown value
stack at sp + 6 slots: 0x0000000000002850 is an unknown value
stack at sp + 7 slots: 0x0000002e98ffb600 is pointing into the stack for thread: 0x00000185a8240b10


---------------  P R O C E S S  ---------------

Threads class SMR info:
_java_thread_list=0x00000185a65c6870, length=28, elements={
0x000001858f767940, 0x00000185a5024eb0, 0x00000185a50284d0, 0x00000185a5035390,
0x00000185a505f570, 0x00000185a50616d0, 0x00000185a5062820, 0x00000185a50675b0,
0x00000185a5068f90, 0x00000185a506b080, 0x00000185a3461080, 0x00000185a52a87d0,
0x00000185a62642c0, 0x00000185a61784b0, 0x00000185a63acb80, 0x00000185a6022840,
0x00000185a77988f0, 0x00000185a785e4f0, 0x00000185a610fb90, 0x00000185a610f6c0,
0x00000185a610ed20, 0x00000185a610cb70, 0x00000185a610d510, 0x00000185a610deb0,
0x00000185a610f1f0, 0x00000185ab1a78c0, 0x00000185a8240b10, 0x00000185a610c1d0
}

Java Threads: ( => current thread )
  0x000001858f767940 JavaThread "main" [_thread_blocked, id=12336, stack(0x0000002e96a00000,0x0000002e96b00000)]
  0x00000185a5024eb0 JavaThread "Reference Handler" daemon [_thread_blocked, id=1488, stack(0x0000002e96d00000,0x0000002e96e00000)]
  0x00000185a50284d0 JavaThread "Finalizer" daemon [_thread_blocked, id=6220, stack(0x0000002e96e00000,0x0000002e96f00000)]
  0x00000185a5035390 JavaThread "Signal Dispatcher" daemon [_thread_blocked, id=10860, stack(0x0000002e96f00000,0x0000002e97000000)]
  0x00000185a505f570 JavaThread "Attach Listener" daemon [_thread_blocked, id=14748, stack(0x0000002e97000000,0x0000002e97100000)]
  0x00000185a50616d0 JavaThread "Service Thread" daemon [_thread_blocked, id=604, stack(0x0000002e97100000,0x0000002e97200000)]
  0x00000185a5062820 JavaThread "Monitor Deflation Thread" daemon [_thread_blocked, id=12944, stack(0x0000002e97200000,0x0000002e97300000)]
  0x00000185a50675b0 JavaThread "C2 CompilerThread0" daemon [_thread_in_native, id=1904, stack(0x0000002e97300000,0x0000002e97400000)]
  0x00000185a5068f90 JavaThread "C1 CompilerThread0" daemon [_thread_blocked, id=7404, stack(0x0000002e97400000,0x0000002e97500000)]
  0x00000185a506b080 JavaThread "Sweeper thread" daemon [_thread_blocked, id=1552, stack(0x0000002e97500000,0x0000002e97600000)]
  0x00000185a3461080 JavaThread "Common-Cleaner" daemon [_thread_blocked, id=6832, stack(0x0000002e97600000,0x0000002e97700000)]
  0x00000185a52a87d0 JavaThread "Notification Thread" daemon [_thread_blocked, id=7120, stack(0x0000002e97800000,0x0000002e97900000)]
  0x00000185a62642c0 JavaThread "Active Thread: Equinox Container: 767bd4ce-38cb-4ff0-a4e3-586952166619" [_thread_blocked, id=14964, stack(0x0000002e97700000,0x0000002e97800000)]
  0x00000185a61784b0 JavaThread "Framework Event Dispatcher: Equinox Container: 767bd4ce-38cb-4ff0-a4e3-586952166619" daemon [_thread_blocked, id=12872, stack(0x0000002e97a00000,0x0000002e97b00000)]
  0x00000185a63acb80 JavaThread "Start Level: Equinox Container: 767bd4ce-38cb-4ff0-a4e3-586952166619" daemon [_thread_blocked, id=14776, stack(0x0000002e98100000,0x0000002e98200000)]
  0x00000185a6022840 JavaThread "SCR Component Actor" daemon [_thread_blocked, id=13864, stack(0x0000002e98200000,0x0000002e98300000)]
  0x00000185a77988f0 JavaThread "Bundle File Closer" daemon [_thread_blocked, id=12736, stack(0x0000002e98300000,0x0000002e98400000)]
  0x00000185a785e4f0 JavaThread "Worker-JM" [_thread_blocked, id=2008, stack(0x0000002e98500000,0x0000002e98600000)]
  0x00000185a610fb90 JavaThread "Worker-0: Repository registry initialization" [_thread_in_Java, id=14732, stack(0x0000002e98600000,0x0000002e98700000)]
  0x00000185a610f6c0 JavaThread "Worker-1: Updating Maven Dependencies" [_thread_blocked, id=10028, stack(0x0000002e98800000,0x0000002e98900000)]
  0x00000185a610ed20 JavaThread "Worker-2" [_thread_blocked, id=11520, stack(0x0000002e98900000,0x0000002e98a00000)]
  0x00000185a610cb70 JavaThread "Java indexing" daemon [_thread_blocked, id=6476, stack(0x0000002e98a00000,0x0000002e98b00000)]
  0x00000185a610d510 JavaThread "pool-2-thread-1" [_thread_blocked, id=1040, stack(0x0000002e98400000,0x0000002e98500000)]
  0x00000185a610deb0 JavaThread "Worker-3: Initialize Workspace" [_thread_in_vm, id=9920, stack(0x0000002e98b00000,0x0000002e98c00000)]
  0x00000185a610f1f0 JavaThread "Worker-4" [_thread_blocked, id=1696, stack(0x0000002e98c00000,0x0000002e98d00000)]
  0x00000185ab1a78c0 JavaThread "C2 CompilerThread1" daemon [_thread_in_native, id=6252, stack(0x0000002e98d00000,0x0000002e98e00000)]
=>0x00000185a8240b10 JavaThread "C2 CompilerThread2" daemon [_thread_in_native, id=3168, stack(0x0000002e98f00000,0x0000002e99000000)]
  0x00000185a610c1d0 JavaThread "Keep-Alive-Timer" daemon [_thread_blocked, id=8932, stack(0x0000002e99000000,0x0000002e99100000)]

Other Threads:
  0x00000185a347c1a0 VMThread "VM Thread" [stack: 0x0000002e96c00000,0x0000002e96d00000] [id=13316]
  0x00000185a51dc000 WatcherThread [stack: 0x0000002e97900000,0x0000002e97a00000] [id=10024]
  0x000001858f77e180 GCTaskThread "GC Thread#0" [stack: 0x0000002e96b00000,0x0000002e96c00000] [id=12276]
  0x00000185a6178d00 GCTaskThread "GC Thread#1" [stack: 0x0000002e97b00000,0x0000002e97c00000] [id=12196]
  0x00000185a6178fb0 GCTaskThread "GC Thread#2" [stack: 0x0000002e97c00000,0x0000002e97d00000] [id=8820]
  0x00000185a6179260 GCTaskThread "GC Thread#3" [stack: 0x0000002e97d00000,0x0000002e97e00000] [id=3672]
  0x00000185a53ae9a0 GCTaskThread "GC Thread#4" [stack: 0x0000002e97e00000,0x0000002e97f00000] [id=4764]
  0x00000185a63ac620 GCTaskThread "GC Thread#5" [stack: 0x0000002e97f00000,0x0000002e98000000] [id=13280]
  0x00000185a63ac8d0 GCTaskThread "GC Thread#6" [stack: 0x0000002e98000000,0x0000002e98100000] [id=14340]
  0x00000185a78e87e0 GCTaskThread "GC Thread#7" [stack: 0x0000002e98700000,0x0000002e98800000] [id=8300]

Threads with active compile tasks:
C2 CompilerThread0    35624 4451       4       org.eclipse.jdt.internal.core.JarPackageFragmentRoot::initRawPackageInfo (349 bytes)
C2 CompilerThread1    35624 4417       4       jdk.internal.jrtfs.JrtFileSystem::lambda$iteratorOf$2 (20 bytes)
C2 CompilerThread2    35624 3776   !   4       org.eclipse.osgi.internal.loader.classpath.ClasspathManager::defineClass (636 bytes)

VM state: not at safepoint (normal execution)

VM Mutex/Monitor currently owned by a thread: None

Heap address: 0x00000000c0000000, size: 1024 MB, Compressed Oops mode: 32-bit

CDS archive(s) not mapped
Compressed class space mapped at: 0x0000000100000000-0x0000000140000000, reserved size: 1073741824
Narrow klass base: 0x0000000000000000, Narrow klass shift: 3, Narrow klass range: 0x140000000

GC Precious Log:
 CPUs: 8 total, 8 available
 Memory: 8108M
 Large Page Support: Disabled
 NUMA Support: Disabled
 Compressed Oops: Enabled (32-bit)
 Alignments: Space 512K, Generation 512K, Heap 2M
 Heap Min Capacity: 100M
 Heap Initial Capacity: 100M
 Heap Max Capacity: 1G
 Pre-touch: Disabled
 Parallel Workers: 8

Heap:
 PSYoungGen      total 25088K, used 8533K [0x00000000eab00000, 0x00000000ec880000, 0x0000000100000000)
  eden space 22016K, 25% used [0x00000000eab00000,0x00000000eb07a330,0x00000000ec080000)
  from space 3072K, 95% used [0x00000000ec580000,0x00000000ec85b258,0x00000000ec880000)
  to   space 3584K, 0% used [0x00000000ec180000,0x00000000ec180000,0x00000000ec500000)
 ParOldGen       total 68608K, used 28203K [0x00000000c0000000, 0x00000000c4300000, 0x00000000eab00000)
  object space 68608K, 41% used [0x00000000c0000000,0x00000000c1b8aea8,0x00000000c4300000)
 Metaspace       used 47172K, committed 47936K, reserved 1097728K
  class space    used 5180K, committed 5504K, reserved 1048576K

Card table byte_map: [0x000001858f110000,0x000001858f320000] _byte_map_base: 0x000001858eb10000

Marking Bits: (ParMarkBitMap*) 0x00007ffa7acf2a60
 Begin Bits: [0x00000185a13e0000, 0x00000185a23e0000)
 End Bits:   [0x00000185a23e0000, 0x00000185a33e0000)

Polling page: 0x000001858d710000

Metaspace:

Usage:
  Non-class:     41.01 MB used.
      Class:      5.06 MB used.
       Both:     46.07 MB used.

Virtual space:
  Non-class space:       48.00 MB reserved,      41.44 MB ( 86%) committed,  6 nodes.
      Class space:        1.00 GB reserved,       5.38 MB ( <1%) committed,  1 nodes.
             Both:        1.05 GB reserved,      46.81 MB (  4%) committed. 

Chunk freelists:
   Non-Class:  2.42 MB
       Class:  2.58 MB
        Both:  5.00 MB

MaxMetaspaceSize: unlimited
CompressedClassSpaceSize: 1.00 GB
Initial GC threshold: 21.00 MB
Current GC threshold: 58.38 MB
CDS: off
MetaspaceReclaimPolicy: balanced
 - commit_granule_bytes: 65536.
 - commit_granule_words: 8192.
 - virtual_space_node_default_size: 1048576.
 - enlarge_chunks_in_place: 1.
 - new_chunks_are_fully_committed: 0.
 - uncommit_free_chunks: 1.
 - use_allocation_guard: 0.
 - handle_deallocations: 1.


Internal statistics:

num_allocs_failed_limit: 6.
num_arena_births: 266.
num_arena_deaths: 0.
num_vsnodes_births: 7.
num_vsnodes_deaths: 0.
num_space_committed: 749.
num_space_uncommitted: 0.
num_chunks_returned_to_freelist: 6.
num_chunks_taken_from_freelist: 1720.
num_chunk_merges: 3.
num_chunk_splits: 1135.
num_chunks_enlarged: 751.
num_purges: 0.
num_inconsistent_stats: 0.

CodeHeap 'non-profiled nmethods': size=120000Kb used=2369Kb max_used=2369Kb free=117630Kb
 bounds [0x0000018599eb0000, 0x000001859a120000, 0x00000185a13e0000]
CodeHeap 'profiled nmethods': size=120000Kb used=9287Kb max_used=9287Kb free=110712Kb
 bounds [0x0000018592980000, 0x00000185932a0000, 0x0000018599eb0000]
CodeHeap 'non-nmethods': size=5760Kb used=1311Kb max_used=1363Kb free=4448Kb
 bounds [0x00000185923e0000, 0x0000018592650000, 0x0000018592980000]
 total_blobs=5130 nmethods=4497 adapters=546
 compilation: enabled
              stopped_count=0, restarted_count=0
 full_count=0

Compilation events (20 events):
Event: 34.522 Thread 0x00000185a50675b0 3860       4       java.util.concurrent.locks.ReentrantLock$NonfairSync::initialTryLock (58 bytes)
Event: 34.522 Thread 0x00000185a5068f90 3861       3       org.eclipse.sisu.space.asm.ClassReader::readClass (16 bytes)
Event: 34.523 Thread 0x00000185a5068f90 nmethod 3861 0x000001859315f910 code [0x000001859315fac0, 0x000001859315fc78]
Event: 34.523 Thread 0x00000185a50675b0 nmethod 3860 0x000001859a092610 code [0x000001859a092780, 0x000001859a092878]
Event: 34.525 Thread 0x00000185a50675b0 3862       4       java.util.concurrent.locks.AbstractQueuedSynchronizer::signalNext (34 bytes)
Event: 34.526 Thread 0x00000185a50675b0 nmethod 3862 0x000001859a092910 code [0x000001859a092aa0, 0x000001859a092b78]
Event: 34.527 Thread 0x00000185a5068f90 3863       3       sun.reflect.annotation.AnnotationParser$1::run (40 bytes)
Event: 34.528 Thread 0x00000185a5068f90 nmethod 3863 0x000001859315fd90 code [0x0000018593160000, 0x0000018593160dd8]
Event: 34.530 Thread 0x00000185a5068f90 3864       3       com.google.common.cache.LocalCache::expiresAfterWrite (15 bytes)
Event: 34.530 Thread 0x00000185a5068f90 nmethod 3864 0x0000018593161210 code [0x00000185931613a0, 0x0000018593161518]
Event: 34.531 Thread 0x00000185a5068f90 3865       3       com.google.inject.Key::get (12 bytes)
Event: 34.532 Thread 0x00000185a5068f90 nmethod 3865 0x0000018593161590 code [0x0000018593161780, 0x0000018593161c48]
Event: 34.548 Thread 0x00000185a50675b0 3867       4       java.lang.ClassLoader::getDefinedPackage (36 bytes)
Event: 34.549 Thread 0x00000185ab1a78c0 3868   !   4       org.eclipse.osgi.storage.bundlefile.CloseableBundleFile::lockOpen (82 bytes)
Event: 34.561 Thread 0x00000185ab1a78c0 nmethod 3868 0x000001859a093090 code [0x000001859a0932a0, 0x000001859a093b60]
Event: 34.575 Thread 0x00000185a50675b0 nmethod 3867 0x000001859a094390 code [0x000001859a0945a0, 0x000001859a095628]
Event: 34.608 Thread 0x00000185a5068f90 3869       3       java.util.concurrent.atomic.AtomicReferenceArray::length (6 bytes)
Event: 34.608 Thread 0x00000185a5068f90 nmethod 3869 0x0000018593161e90 code [0x0000018593162020, 0x0000018593162138]
Event: 34.608 Thread 0x00000185ab1a78c0 3870       4       org.eclipse.osgi.container.ModuleWiring::getModuleLoader (15 bytes)
Event: 34.611 Thread 0x00000185ab1a78c0 nmethod 3870 0x000001859a096010 code [0x000001859a0961a0, 0x000001859a0965e8]

GC Heap History (18 events):
Event: 13.341 GC heap before
{Heap before GC invocations=1 (full 0):
 PSYoungGen      total 29696K, used 25600K [0x00000000eab00000, 0x00000000ecc00000, 0x0000000100000000)
  eden space 25600K, 100% used [0x00000000eab00000,0x00000000ec400000,0x00000000ec400000)
  from space 4096K, 0% used [0x00000000ec800000,0x00000000ec800000,0x00000000ecc00000)
  to   space 4096K, 0% used [0x00000000ec400000,0x00000000ec400000,0x00000000ec800000)
 ParOldGen       total 68608K, used 0K [0x00000000c0000000, 0x00000000c4300000, 0x00000000eab00000)
  object space 68608K, 0% used [0x00000000c0000000,0x00000000c0000000,0x00000000c4300000)
 Metaspace       used 12863K, committed 13056K, reserved 1064960K
  class space    used 1302K, committed 1408K, reserved 1048576K
}
Event: 13.347 GC heap after
{Heap after GC invocations=1 (full 0):
 PSYoungGen      total 29696K, used 4090K [0x00000000eab00000, 0x00000000ecc00000, 0x0000000100000000)
  eden space 25600K, 0% used [0x00000000eab00000,0x00000000eab00000,0x00000000ec400000)
  from space 4096K, 99% used [0x00000000ec400000,0x00000000ec7fe890,0x00000000ec800000)
  to   space 4096K, 0% used [0x00000000ec800000,0x00000000ec800000,0x00000000ecc00000)
 ParOldGen       total 68608K, used 632K [0x00000000c0000000, 0x00000000c4300000, 0x00000000eab00000)
  object space 68608K, 0% used [0x00000000c0000000,0x00000000c009e010,0x00000000c4300000)
 Metaspace       used 12863K, committed 13056K, reserved 1064960K
  class space    used 1302K, committed 1408K, reserved 1048576K
}
Event: 22.682 GC heap before
{Heap before GC invocations=2 (full 0):
 PSYoungGen      total 29696K, used 29675K [0x00000000eab00000, 0x00000000ecc00000, 0x0000000100000000)
  eden space 25600K, 99% used [0x00000000eab00000,0x00000000ec3fc748,0x00000000ec400000)
  from space 4096K, 99% used [0x00000000ec400000,0x00000000ec7fe890,0x00000000ec800000)
  to   space 4096K, 0% used [0x00000000ec800000,0x00000000ec800000,0x00000000ecc00000)
 ParOldGen       total 68608K, used 632K [0x00000000c0000000, 0x00000000c4300000, 0x00000000eab00000)
  object space 68608K, 0% used [0x00000000c0000000,0x00000000c009e010,0x00000000c4300000)
 Metaspace       used 20527K, committed 20992K, reserved 1073152K
  class space    used 2081K, committed 2304K, reserved 1048576K
}
Event: 22.688 GC heap after
{Heap after GC invocations=2 (full 0):
 PSYoungGen      total 29696K, used 4089K [0x00000000eab00000, 0x00000000ecc00000, 0x0000000100000000)
  eden space 25600K, 0% used [0x00000000eab00000,0x00000000eab00000,0x00000000ec400000)
  from space 4096K, 99% used [0x00000000ec800000,0x00000000ecbfe618,0x00000000ecc00000)
  to   space 4096K, 0% used [0x00000000ec400000,0x00000000ec400000,0x00000000ec800000)
 ParOldGen       total 68608K, used 5658K [0x00000000c0000000, 0x00000000c4300000, 0x00000000eab00000)
  object space 68608K, 8% used [0x00000000c0000000,0x00000000c0586a68,0x00000000c4300000)
 Metaspace       used 20527K, committed 20992K, reserved 1073152K
  class space    used 2081K, committed 2304K, reserved 1048576K
}
Event: 22.699 GC heap before
{Heap before GC invocations=3 (full 0):
 PSYoungGen      total 29696K, used 5612K [0x00000000eab00000, 0x00000000ecc00000, 0x0000000100000000)
  eden space 25600K, 5% used [0x00000000eab00000,0x00000000eac7cb78,0x00000000ec400000)
  from space 4096K, 99% used [0x00000000ec800000,0x00000000ecbfe618,0x00000000ecc00000)
  to   space 4096K, 0% used [0x00000000ec400000,0x00000000ec400000,0x00000000ec800000)
 ParOldGen       total 68608K, used 5658K [0x00000000c0000000, 0x00000000c4300000, 0x00000000eab00000)
  object space 68608K, 8% used [0x00000000c0000000,0x00000000c0586a68,0x00000000c4300000)
 Metaspace       used 21067K, committed 21504K, reserved 1073152K
  class space    used 2123K, committed 2304K, reserved 1048576K
}
Event: 22.702 GC heap after
{Heap after GC invocations=3 (full 0):
 PSYoungGen      total 29696K, used 4077K [0x00000000eab00000, 0x00000000ecc00000, 0x0000000100000000)
  eden space 25600K, 0% used [0x00000000eab00000,0x00000000eab00000,0x00000000ec400000)
  from space 4096K, 99% used [0x00000000ec400000,0x00000000ec7fb558,0x00000000ec800000)
  to   space 4096K, 0% used [0x00000000ec800000,0x00000000ec800000,0x00000000ecc00000)
 ParOldGen       total 68608K, used 5726K [0x00000000c0000000, 0x00000000c4300000, 0x00000000eab00000)
  object space 68608K, 8% used [0x00000000c0000000,0x00000000c0597a78,0x00000000c4300000)
 Metaspace       used 21067K, committed 21504K, reserved 1073152K
  class space    used 2123K, committed 2304K, reserved 1048576K
}
Event: 22.702 GC heap before
{Heap before GC invocations=4 (full 1):
 PSYoungGen      total 29696K, used 4077K [0x00000000eab00000, 0x00000000ecc00000, 0x0000000100000000)
  eden space 25600K, 0% used [0x00000000eab00000,0x00000000eab00000,0x00000000ec400000)
  from space 4096K, 99% used [0x00000000ec400000,0x00000000ec7fb558,0x00000000ec800000)
  to   space 4096K, 0% used [0x00000000ec800000,0x00000000ec800000,0x00000000ecc00000)
 ParOldGen       total 68608K, used 5726K [0x00000000c0000000, 0x00000000c4300000, 0x00000000eab00000)
  object space 68608K, 8% used [0x00000000c0000000,0x00000000c0597a78,0x00000000c4300000)
 Metaspace       used 21067K, committed 21504K, reserved 1073152K
  class space    used 2123K, committed 2304K, reserved 1048576K
}
Event: 22.720 GC heap after
{Heap after GC invocations=4 (full 1):
 PSYoungGen      total 29696K, used 0K [0x00000000eab00000, 0x00000000ecc00000, 0x0000000100000000)
  eden space 25600K, 0% used [0x00000000eab00000,0x00000000eab00000,0x00000000ec400000)
  from space 4096K, 0% used [0x00000000ec400000,0x00000000ec400000,0x00000000ec800000)
  to   space 4096K, 0% used [0x00000000ec800000,0x00000000ec800000,0x00000000ecc00000)
 ParOldGen       total 68608K, used 9540K [0x00000000c0000000, 0x00000000c4300000, 0x00000000eab00000)
  object space 68608K, 13% used [0x00000000c0000000,0x00000000c09512a8,0x00000000c4300000)
 Metaspace       used 21067K, committed 21504K, reserved 1073152K
  class space    used 2123K, committed 2304K, reserved 1048576K
}
Event: 27.457 GC heap before
{Heap before GC invocations=5 (full 1):
 PSYoungGen      total 29696K, used 25600K [0x00000000eab00000, 0x00000000ecc00000, 0x0000000100000000)
  eden space 25600K, 100% used [0x00000000eab00000,0x00000000ec400000,0x00000000ec400000)
  from space 4096K, 0% used [0x00000000ec400000,0x00000000ec400000,0x00000000ec800000)
  to   space 4096K, 0% used [0x00000000ec800000,0x00000000ec800000,0x00000000ecc00000)
 ParOldGen       total 68608K, used 9540K [0x00000000c0000000, 0x00000000c4300000, 0x00000000eab00000)
  object space 68608K, 13% used [0x00000000c0000000,0x00000000c09512a8,0x00000000c4300000)
 Metaspace       used 27068K, committed 27520K, reserved 1081344K
  class space    used 2640K, committed 2880K, reserved 1048576K
}
Event: 27.458 GC heap after
{Heap after GC invocations=5 (full 1):
 PSYoungGen      total 29696K, used 1894K [0x00000000eab00000, 0x00000000ecc00000, 0x0000000100000000)
  eden space 25600K, 0% used [0x00000000eab00000,0x00000000eab00000,0x00000000ec400000)
  from space 4096K, 46% used [0x00000000ec800000,0x00000000ec9d99b8,0x00000000ecc00000)
  to   space 4096K, 0% used [0x00000000ec400000,0x00000000ec400000,0x00000000ec800000)
 ParOldGen       total 68608K, used 9548K [0x00000000c0000000, 0x00000000c4300000, 0x00000000eab00000)
  object space 68608K, 13% used [0x00000000c0000000,0x00000000c09532a8,0x00000000c4300000)
 Metaspace       used 27068K, committed 27520K, reserved 1081344K
  class space    used 2640K, committed 2880K, reserved 1048576K
}
Event: 30.298 GC heap before
{Heap before GC invocations=6 (full 1):
 PSYoungGen      total 29696K, used 27494K [0x00000000eab00000, 0x00000000ecc00000, 0x0000000100000000)
  eden space 25600K, 100% used [0x00000000eab00000,0x00000000ec400000,0x00000000ec400000)
  from space 4096K, 46% used [0x00000000ec800000,0x00000000ec9d99b8,0x00000000ecc00000)
  to   space 4096K, 0% used [0x00000000ec400000,0x00000000ec400000,0x00000000ec800000)
 ParOldGen       total 68608K, used 9548K [0x00000000c0000000, 0x00000000c4300000, 0x00000000eab00000)
  object space 68608K, 13% used [0x00000000c0000000,0x00000000c09532a8,0x00000000c4300000)
 Metaspace       used 34020K, committed 34752K, reserved 1081344K
  class space    used 3560K, committed 3904K, reserved 1048576K
}
Event: 30.300 GC heap after
{Heap after GC invocations=6 (full 1):
 PSYoungGen      total 29184K, used 3959K [0x00000000eab00000, 0x00000000ecc80000, 0x0000000100000000)
  eden space 25088K, 0% used [0x00000000eab00000,0x00000000eab00000,0x00000000ec380000)
  from space 4096K, 96% used [0x00000000ec400000,0x00000000ec7dde58,0x00000000ec800000)
  to   space 4608K, 0% used [0x00000000ec800000,0x00000000ec800000,0x00000000ecc80000)
 ParOldGen       total 68608K, used 9556K [0x00000000c0000000, 0x00000000c4300000, 0x00000000eab00000)
  object space 68608K, 13% used [0x00000000c0000000,0x00000000c09552a8,0x00000000c4300000)
 Metaspace       used 34020K, committed 34752K, reserved 1081344K
  class space    used 3560K, committed 3904K, reserved 1048576K
}
Event: 31.085 GC heap before
{Heap before GC invocations=7 (full 1):
 PSYoungGen      total 29184K, used 8263K [0x00000000eab00000, 0x00000000ecc80000, 0x0000000100000000)
  eden space 25088K, 17% used [0x00000000eab00000,0x00000000eaf340e0,0x00000000ec380000)
  from space 4096K, 96% used [0x00000000ec400000,0x00000000ec7dde58,0x00000000ec800000)
  to   space 4608K, 0% used [0x00000000ec800000,0x00000000ec800000,0x00000000ecc80000)
 ParOldGen       total 68608K, used 9556K [0x00000000c0000000, 0x00000000c4300000, 0x00000000eab00000)
  object space 68608K, 13% used [0x00000000c0000000,0x00000000c09552a8,0x00000000c4300000)
 Metaspace       used 35186K, committed 35840K, reserved 1081344K
  class space    used 3731K, committed 4032K, reserved 1048576K
}
Event: 31.088 GC heap after
{Heap after GC invocations=7 (full 1):
 PSYoungGen      total 29184K, used 4488K [0x00000000eab00000, 0x00000000ecd80000, 0x0000000100000000)
  eden space 24576K, 0% used [0x00000000eab00000,0x00000000eab00000,0x00000000ec300000)
  from space 4608K, 97% used [0x00000000ec800000,0x00000000ecc62378,0x00000000ecc80000)
  to   space 5120K, 0% used [0x00000000ec300000,0x00000000ec300000,0x00000000ec800000)
 ParOldGen       total 68608K, used 9564K [0x00000000c0000000, 0x00000000c4300000, 0x00000000eab00000)
  object space 68608K, 13% used [0x00000000c0000000,0x00000000c09572a8,0x00000000c4300000)
 Metaspace       used 35186K, committed 35840K, reserved 1081344K
  class space    used 3731K, committed 4032K, reserved 1048576K
}
Event: 31.088 GC heap before
{Heap before GC invocations=8 (full 2):
 PSYoungGen      total 29184K, used 4488K [0x00000000eab00000, 0x00000000ecd80000, 0x0000000100000000)
  eden space 24576K, 0% used [0x00000000eab00000,0x00000000eab00000,0x00000000ec300000)
  from space 4608K, 97% used [0x00000000ec800000,0x00000000ecc62378,0x00000000ecc80000)
  to   space 5120K, 0% used [0x00000000ec300000,0x00000000ec300000,0x00000000ec800000)
 ParOldGen       total 68608K, used 9564K [0x00000000c0000000, 0x00000000c4300000, 0x00000000eab00000)
  object space 68608K, 13% used [0x00000000c0000000,0x00000000c09572a8,0x00000000c4300000)
 Metaspace       used 35186K, committed 35840K, reserved 1081344K
  class space    used 3731K, committed 4032K, reserved 1048576K
}
Event: 31.114 GC heap after
{Heap after GC invocations=8 (full 2):
 PSYoungGen      total 29184K, used 0K [0x00000000eab00000, 0x00000000ecd80000, 0x0000000100000000)
  eden space 24576K, 0% used [0x00000000eab00000,0x00000000eab00000,0x00000000ec300000)
  from space 4608K, 0% used [0x00000000ec800000,0x00000000ec800000,0x00000000ecc80000)
  to   space 5120K, 0% used [0x00000000ec300000,0x00000000ec300000,0x00000000ec800000)
 ParOldGen       total 68608K, used 12540K [0x00000000c0000000, 0x00000000c4300000, 0x00000000eab00000)
  object space 68608K, 18% used [0x00000000c0000000,0x00000000c0c3f1f0,0x00000000c4300000)
 Metaspace       used 35186K, committed 35840K, reserved 1081344K
  class space    used 3731K, committed 4032K, reserved 1048576K
}
Event: 33.498 GC heap before
{Heap before GC invocations=9 (full 2):
 PSYoungGen      total 29184K, used 24576K [0x00000000eab00000, 0x00000000ecd80000, 0x0000000100000000)
  eden space 24576K, 100% used [0x00000000eab00000,0x00000000ec300000,0x00000000ec300000)
  from space 4608K, 0% used [0x00000000ec800000,0x00000000ec800000,0x00000000ecc80000)
  to   space 5120K, 0% used [0x00000000ec300000,0x00000000ec300000,0x00000000ec800000)
 ParOldGen       total 68608K, used 12540K [0x00000000c0000000, 0x00000000c4300000, 0x00000000eab00000)
  object space 68608K, 18% used [0x00000000c0000000,0x00000000c0c3f1f0,0x00000000c4300000)
 Metaspace       used 40951K, committed 41600K, reserved 1089536K
  class space    used 4464K, committed 4736K, reserved 1048576K
}
Event: 33.501 GC heap after
{Heap after GC invocations=9 (full 2):
 PSYoungGen      total 26624K, used 2485K [0x00000000eab00000, 0x00000000ec980000, 0x0000000100000000)
  eden space 24064K, 0% used [0x00000000eab00000,0x00000000eab00000,0x00000000ec280000)
  from space 2560K, 97% used [0x00000000ec300000,0x00000000ec56d688,0x00000000ec580000)
  to   space 3584K, 0% used [0x00000000ec600000,0x00000000ec600000,0x00000000ec980000)
 ParOldGen       total 68608K, used 12548K [0x00000000c0000000, 0x00000000c4300000, 0x00000000eab00000)
  object space 68608K, 18% used [0x00000000c0000000,0x00000000c0c411f0,0x00000000c4300000)
 Metaspace       used 40951K, committed 41600K, reserved 1089536K
  class space    used 4464K, committed 4736K, reserved 1048576K
}

Deoptimization events (20 events):
Event: 34.021 Thread 0x00000185a610ed20 DEOPT PACKING pc=0x00000185930fca71 sp=0x0000002e989fe2a0
Event: 34.021 Thread 0x00000185a610ed20 DEOPT UNPACKING pc=0x0000018592432843 sp=0x0000002e989fd6d0 mode 0
Event: 34.022 Thread 0x00000185a610ed20 DEOPT PACKING pc=0x00000185930fca3e sp=0x0000002e989fe2a0
Event: 34.022 Thread 0x00000185a610ed20 DEOPT UNPACKING pc=0x0000018592432843 sp=0x0000002e989fd6d0 mode 0
Event: 34.022 Thread 0x00000185a610ed20 DEOPT PACKING pc=0x00000185930fca71 sp=0x0000002e989fe2a0
Event: 34.022 Thread 0x00000185a610ed20 DEOPT UNPACKING pc=0x0000018592432843 sp=0x0000002e989fd6d0 mode 0
Event: 34.022 Thread 0x00000185a610ed20 DEOPT PACKING pc=0x00000185930fca3e sp=0x0000002e989fe2a0
Event: 34.022 Thread 0x00000185a610ed20 DEOPT UNPACKING pc=0x0000018592432843 sp=0x0000002e989fd6d0 mode 0
Event: 34.454 Thread 0x00000185a610d510 Uncommon trap: trap_request=0xffffff45 fr.pc=0x000001859a06d708 relative=0x0000000000000088
Event: 34.454 Thread 0x00000185a610d510 Uncommon trap: reason=unstable_if action=reinterpret pc=0x000001859a06d708 method=org.eclipse.core.internal.jobs.InternalJob.getState()I @ 10 c2
Event: 34.454 Thread 0x00000185a610d510 DEOPT PACKING pc=0x000001859a06d708 sp=0x0000002e984fdd20
Event: 34.454 Thread 0x00000185a610d510 DEOPT UNPACKING pc=0x00000185924320a3 sp=0x0000002e984fdcb0 mode 2
Event: 34.479 Thread 0x00000185a610deb0 Uncommon trap: trap_request=0xffffff45 fr.pc=0x000001859a02e0c0 relative=0x0000000000000120
Event: 34.479 Thread 0x00000185a610deb0 Uncommon trap: reason=unstable_if action=reinterpret pc=0x000001859a02e0c0 method=java.util.regex.Pattern$Branch.match(Ljava/util/regex/Matcher;ILjava/lang/CharSequence;)Z @ 19 c2
Event: 34.479 Thread 0x00000185a610deb0 DEOPT PACKING pc=0x000001859a02e0c0 sp=0x0000002e98bfedc0
Event: 34.479 Thread 0x00000185a610deb0 DEOPT UNPACKING pc=0x00000185924320a3 sp=0x0000002e98bfed78 mode 2
Event: 34.608 Thread 0x00000185a610deb0 Uncommon trap: trap_request=0xffffff45 fr.pc=0x000001859a04ba3c relative=0x000000000000011c
Event: 34.609 Thread 0x00000185a610deb0 Uncommon trap: reason=unstable_if action=reinterpret pc=0x000001859a04ba3c method=java.util.regex.Pattern.closure(Ljava/util/regex/Pattern$Node;)Ljava/util/regex/Pattern$Node; @ 6 c2
Event: 34.609 Thread 0x00000185a610deb0 DEOPT PACKING pc=0x000001859a04ba3c sp=0x0000002e98bfe0a0
Event: 34.609 Thread 0x00000185a610deb0 DEOPT UNPACKING pc=0x00000185924320a3 sp=0x0000002e98bfe030 mode 2

Classes unloaded (0 events):
No events

Classes redefined (0 events):
No events

Internal exceptions (20 events):
Event: 23.058 Thread 0x00000185a63acb80 Exception <a 'java/io/FileNotFoundException'{0x00000000ec07c2a8}> (0x00000000ec07c2a8) 
thrown [e:\jenkins\tmp\workspace\build\src\src\hotspot\share\prims\jni.cpp, line 516]
Event: 28.610 Thread 0x00000185a63acb80 Exception <a 'java/lang/NoSuchMethodError'{0x00000000eb013678}: 'org.slf4j.impl.StaticMDCBinder org.slf4j.impl.StaticMDCBinder.getSingleton()'> (0x00000000eb013678) 
thrown [e:\jenkins\tmp\workspace\build\src\src\hotspot\share\interpreter\linkResolver.cpp, line 766]
Event: 28.690 Thread 0x00000185a63acb80 Exception <a 'java/io/FileNotFoundException'{0x00000000eb13d958}> (0x00000000eb13d958) 
thrown [e:\jenkins\tmp\workspace\build\src\src\hotspot\share\prims\jni.cpp, line 516]
Event: 28.813 Thread 0x00000185a63acb80 Exception <a 'java/io/FileNotFoundException'{0x00000000eb17f788}> (0x00000000eb17f788) 
thrown [e:\jenkins\tmp\workspace\build\src\src\hotspot\share\prims\jni.cpp, line 516]
Event: 28.818 Thread 0x00000185a63acb80 Exception <a 'java/io/FileNotFoundException'{0x00000000eb1a9c18}> (0x00000000eb1a9c18) 
thrown [e:\jenkins\tmp\workspace\build\src\src\hotspot\share\prims\jni.cpp, line 516]
Event: 29.175 Thread 0x00000185a63acb80 Implicit null exception at 0x0000018599f7a9ca to 0x0000018599f7b6c0
Event: 29.198 Thread 0x000001858f767940 Exception <a 'java/io/FileNotFoundException'{0x00000000eb57a5c8}> (0x00000000eb57a5c8) 
thrown [e:\jenkins\tmp\workspace\build\src\src\hotspot\share\prims\jni.cpp, line 516]
Event: 29.371 Thread 0x000001858f767940 Exception <a 'java/lang/NoSuchMethodError'{0x00000000eba47f10}: 'java.lang.Object java.lang.invoke.DirectMethodHandle$Holder.newInvokeSpecial(java.lang.Object, java.lang.Object, java.lang.Object, java.lang.Object, java.lang.Object)'> (0x00000000eba47f10) 
thrown [e:\jenkins\tmp\workspace\build\src\src\hotspot\share\interpreter\linkResolver.cpp, line 766]
Event: 29.507 Thread 0x00000185a610d510 Exception <a 'java/io/FileNotFoundException'{0x00000000ebc7ca98}> (0x00000000ebc7ca98) 
thrown [e:\jenkins\tmp\workspace\build\src\src\hotspot\share\prims\jni.cpp, line 516]
Event: 29.526 Thread 0x00000185a610d510 Exception <a 'sun/nio/fs/WindowsException'{0x00000000ebcc7768}> (0x00000000ebcc7768) 
thrown [e:\jenkins\tmp\workspace\build\src\src\hotspot\share\prims\jni.cpp, line 516]
Event: 29.627 Thread 0x00000185a610d510 Exception <a 'sun/nio/fs/WindowsException'{0x00000000ebe066b0}> (0x00000000ebe066b0) 
thrown [e:\jenkins\tmp\workspace\build\src\src\hotspot\share\prims\jni.cpp, line 516]
Event: 29.684 Thread 0x00000185a610d510 Exception <a 'sun/nio/fs/WindowsException'{0x00000000ebf63800}> (0x00000000ebf63800) 
thrown [e:\jenkins\tmp\workspace\build\src\src\hotspot\share\prims\jni.cpp, line 516]
Event: 29.687 Thread 0x00000185a610deb0 Exception <a 'sun/nio/fs/WindowsException'{0x00000000ebf898e0}> (0x00000000ebf898e0) 
thrown [e:\jenkins\tmp\workspace\build\src\src\hotspot\share\prims\jni.cpp, line 516]
Event: 29.691 Thread 0x00000185a610deb0 Exception <a 'sun/nio/fs/WindowsException'{0x00000000ebfafa30}> (0x00000000ebfafa30) 
thrown [e:\jenkins\tmp\workspace\build\src\src\hotspot\share\prims\jni.cpp, line 516]
Event: 29.694 Thread 0x00000185a610deb0 Exception <a 'sun/nio/fs/WindowsException'{0x00000000ebfbfe08}> (0x00000000ebfbfe08) 
thrown [e:\jenkins\tmp\workspace\build\src\src\hotspot\share\prims\jni.cpp, line 516]
Event: 30.283 Thread 0x00000185a610d510 Exception <a 'java/lang/NoSuchMethodError'{0x00000000ec363d10}: 'void java.lang.invoke.DirectMethodHandle$Holder.invokeStatic(java.lang.Object, java.lang.Object, java.lang.Object, java.lang.Object, java.lang.Object, java.lang.Object)'> (0x00000000ec363d10) 
thrown [e:\jenkins\tmp\workspace\build\src\src\hotspot\share\interpreter\linkResolver.cpp, line 766]
Event: 31.192 Thread 0x00000185a610ed20 Exception <a 'sun/nio/fs/WindowsException'{0x00000000eab8e138}> (0x00000000eab8e138) 
thrown [e:\jenkins\tmp\workspace\build\src\src\hotspot\share\prims\jni.cpp, line 516]
Event: 32.648 Thread 0x00000185a610fb90 Implicit null exception at 0x0000018599f52560 to 0x0000018599f527d8
Event: 32.717 Thread 0x00000185a610fb90 Implicit null exception at 0x0000018599f39657 to 0x0000018599f398c0
Event: 33.360 Thread 0x00000185a610ed20 Implicit null exception at 0x0000018599ff24b2 to 0x0000018599ff2c7c

VM Operations (20 events):
Event: 31.883 Executing VM operation: HandshakeAllThreads
Event: 31.883 Executing VM operation: HandshakeAllThreads done
Event: 32.117 Executing VM operation: HandshakeAllThreads
Event: 32.202 Executing VM operation: HandshakeAllThreads done
Event: 32.202 Executing VM operation: Cleanup
Event: 32.202 Executing VM operation: Cleanup done
Event: 32.202 Executing VM operation: HandshakeAllThreads
Event: 32.202 Executing VM operation: HandshakeAllThreads done
Event: 32.416 Executing VM operation: HandshakeAllThreads
Event: 32.416 Executing VM operation: HandshakeAllThreads done
Event: 32.732 Executing VM operation: HandshakeAllThreads
Event: 32.732 Executing VM operation: HandshakeAllThreads done
Event: 33.498 Executing VM operation: ParallelGCFailedAllocation
Event: 33.501 Executing VM operation: ParallelGCFailedAllocation done
Event: 33.920 Executing VM operation: HandshakeAllThreads
Event: 33.920 Executing VM operation: HandshakeAllThreads done
Event: 33.921 Executing VM operation: HandshakeAllThreads
Event: 33.921 Executing VM operation: HandshakeAllThreads done
Event: 34.023 Executing VM operation: HandshakeAllThreads
Event: 34.023 Executing VM operation: HandshakeAllThreads done

Events (20 events):
Event: 34.458 loading class java/lang/invoke/VarHandleInts$FieldStaticReadWrite
Event: 34.458 loading class java/lang/invoke/VarHandleInts$FieldStaticReadOnly
Event: 34.458 loading class java/lang/invoke/VarHandleInts$FieldStaticReadOnly done
Event: 34.458 loading class java/lang/invoke/VarHandleInts$FieldStaticReadWrite done
Event: 34.458 loading class java/util/concurrent/ForkJoinPool$DefaultForkJoinWorkerThreadFactory
Event: 34.458 loading class java/util/concurrent/ForkJoinPool$ForkJoinWorkerThreadFactory
Event: 34.458 loading class java/util/concurrent/ForkJoinPool$ForkJoinWorkerThreadFactory done
Event: 34.458 loading class java/util/concurrent/ForkJoinPool$DefaultForkJoinWorkerThreadFactory done
Event: 34.458 loading class java/util/concurrent/ForkJoinPool$1
Event: 34.458 loading class java/util/concurrent/ForkJoinPool$1 done
Event: 34.458 loading class java/util/concurrent/ForkJoinPool$DefaultCommonPoolForkJoinWorkerThreadFactory
Event: 34.458 loading class java/util/concurrent/ForkJoinPool$DefaultCommonPoolForkJoinWorkerThreadFactory done
Event: 34.459 loading class java/util/concurrent/ForkJoinPool$WorkQueue
Event: 34.459 loading class java/util/concurrent/ForkJoinPool$WorkQueue done
Event: 34.459 loading class java/util/concurrent/CompletableFuture$Completion
Event: 34.459 loading class java/util/concurrent/CompletableFuture$AsynchronousCompletionTask
Event: 34.459 loading class java/util/concurrent/CompletableFuture$AsynchronousCompletionTask done
Event: 34.459 loading class java/util/concurrent/ForkJoinTask
Event: 34.460 loading class java/util/concurrent/ForkJoinTask done
Event: 34.460 loading class java/util/concurrent/CompletableFuture$Completion done


Dynamic libraries:
0x00007ff6a0850000 - 0x00007ff6a085e000 	c:\Users\welli\.vscode\extensions\redhat.java-1.3.0\jre\17.0.1-win32-x86_64\bin\java.exe
0x00007ffb21a00000 - 0x00007ffb21c09000 	C:\WINDOWS\SYSTEM32\ntdll.dll
0x00007ffb1f8f0000 - 0x00007ffb1f9ad000 	C:\WINDOWS\System32\KERNEL32.DLL
0x00007ffb1f040000 - 0x00007ffb1f3b4000 	C:\WINDOWS\System32\KERNELBASE.dll
0x00007ffb17b10000 - 0x00007ffb17ba1000 	C:\WINDOWS\SYSTEM32\apphelp.dll
0x00007ffb1f3c0000 - 0x00007ffb1f4d1000 	C:\WINDOWS\System32\ucrtbase.dll
0x00007ffaeb020000 - 0x00007ffaeb038000 	c:\Users\welli\.vscode\extensions\redhat.java-1.3.0\jre\17.0.1-win32-x86_64\bin\jli.dll
0x00007ffaec010000 - 0x00007ffaec029000 	c:\Users\welli\.vscode\extensions\redhat.java-1.3.0\jre\17.0.1-win32-x86_64\bin\VCRUNTIME140.dll
0x00007ffb217e0000 - 0x00007ffb2198c000 	C:\WINDOWS\System32\USER32.dll
0x00007ffb1c290000 - 0x00007ffb1c535000 	C:\WINDOWS\WinSxS\amd64_microsoft.windows.common-controls_6595b64144ccf1df_6.0.22000.120_none_9d947278b86cc467\COMCTL32.dll
0x00007ffb1f010000 - 0x00007ffb1f036000 	C:\WINDOWS\System32\win32u.dll
0x00007ffb1fb50000 - 0x00007ffb1fbf3000 	C:\WINDOWS\System32\msvcrt.dll
0x00007ffb1f8c0000 - 0x00007ffb1f8e9000 	C:\WINDOWS\System32\GDI32.dll
0x00007ffb1eef0000 - 0x00007ffb1f002000 	C:\WINDOWS\System32\gdi32full.dll
0x00007ffb1f710000 - 0x00007ffb1f7ad000 	C:\WINDOWS\System32\msvcp_win.dll
0x00007ffb1ff00000 - 0x00007ffb1ff31000 	C:\WINDOWS\System32\IMM32.DLL
0x00007ffb06e50000 - 0x00007ffb06e5c000 	c:\Users\welli\.vscode\extensions\redhat.java-1.3.0\jre\17.0.1-win32-x86_64\bin\vcruntime140_1.dll
0x00007ffad3df0000 - 0x00007ffad3e81000 	c:\Users\welli\.vscode\extensions\redhat.java-1.3.0\jre\17.0.1-win32-x86_64\bin\msvcp140.dll
0x00007ffa7a170000 - 0x00007ffa7adb6000 	c:\Users\welli\.vscode\extensions\redhat.java-1.3.0\jre\17.0.1-win32-x86_64\bin\server\jvm.dll
0x00007ffb200c0000 - 0x00007ffb2016e000 	C:\WINDOWS\System32\ADVAPI32.dll
0x00007ffb20f90000 - 0x00007ffb2102e000 	C:\WINDOWS\System32\sechost.dll
0x00007ffb1ff40000 - 0x00007ffb20060000 	C:\WINDOWS\System32\RPCRT4.dll
0x00007ffb20ae0000 - 0x00007ffb20ae8000 	C:\WINDOWS\System32\PSAPI.DLL
0x00007ffb16100000 - 0x00007ffb1610a000 	C:\WINDOWS\SYSTEM32\VERSION.dll
0x00007ffb144c0000 - 0x00007ffb144f3000 	C:\WINDOWS\SYSTEM32\WINMM.dll
0x00007ffb03680000 - 0x00007ffb03689000 	C:\WINDOWS\SYSTEM32\WSOCK32.dll
0x00007ffb1fdb0000 - 0x00007ffb1fe1f000 	C:\WINDOWS\System32\WS2_32.dll
0x00007ffb1df70000 - 0x00007ffb1df88000 	C:\WINDOWS\SYSTEM32\kernel.appcore.dll
0x00007ffaf3500000 - 0x00007ffaf350a000 	c:\Users\welli\.vscode\extensions\redhat.java-1.3.0\jre\17.0.1-win32-x86_64\bin\jimage.dll
0x00007ffb1cc00000 - 0x00007ffb1ce21000 	C:\WINDOWS\SYSTEM32\DBGHELP.DLL
0x00007ffb1c540000 - 0x00007ffb1c571000 	C:\WINDOWS\SYSTEM32\dbgcore.DLL
0x00007ffb1f820000 - 0x00007ffb1f89f000 	C:\WINDOWS\System32\bcryptPrimitives.dll
0x00007ffae85e0000 - 0x00007ffae8605000 	c:\Users\welli\.vscode\extensions\redhat.java-1.3.0\jre\17.0.1-win32-x86_64\bin\java.dll
0x00007ffae5de0000 - 0x00007ffae5df8000 	c:\Users\welli\.vscode\extensions\redhat.java-1.3.0\jre\17.0.1-win32-x86_64\bin\zip.dll
0x00007ffb21030000 - 0x00007ffb217de000 	C:\WINDOWS\System32\SHELL32.dll
0x00007ffb1cf30000 - 0x00007ffb1d797000 	C:\WINDOWS\SYSTEM32\windows.storage.dll
0x00007ffb20b50000 - 0x00007ffb20ec8000 	C:\WINDOWS\System32\combase.dll
0x00007ffb1ca90000 - 0x00007ffb1cbf6000 	C:\WINDOWS\SYSTEM32\wintypes.dll
0x00007ffb209f0000 - 0x00007ffb20ada000 	C:\WINDOWS\System32\SHCORE.dll
0x00007ffb20af0000 - 0x00007ffb20b4d000 	C:\WINDOWS\System32\shlwapi.dll
0x00007ffb1ee20000 - 0x00007ffb1ee41000 	C:\WINDOWS\SYSTEM32\profapi.dll
0x00007ffae4090000 - 0x00007ffae40a9000 	C:\Users\welli\.vscode\extensions\redhat.java-1.3.0\jre\17.0.1-win32-x86_64\bin\net.dll
0x00007ffb148a0000 - 0x00007ffb149ac000 	C:\WINDOWS\SYSTEM32\WINHTTP.dll
0x00007ffb1e3a0000 - 0x00007ffb1e407000 	C:\WINDOWS\system32\mswsock.dll
0x00007ffae4070000 - 0x00007ffae4085000 	C:\Users\welli\.vscode\extensions\redhat.java-1.3.0\jre\17.0.1-win32-x86_64\bin\nio.dll
0x00007ffb1eab0000 - 0x00007ffb1eac8000 	C:\WINDOWS\SYSTEM32\CRYPTSP.dll
0x00007ffb1ded0000 - 0x00007ffb1df05000 	C:\WINDOWS\system32\rsaenh.dll
0x00007ffb1e490000 - 0x00007ffb1e4b9000 	C:\WINDOWS\SYSTEM32\USERENV.dll
0x00007ffb1ea80000 - 0x00007ffb1eaa7000 	C:\WINDOWS\SYSTEM32\bcrypt.dll
0x00007ffb1e5e0000 - 0x00007ffb1e5ec000 	C:\WINDOWS\SYSTEM32\CRYPTBASE.dll
0x00007ffb1db30000 - 0x00007ffb1db5d000 	C:\WINDOWS\SYSTEM32\IPHLPAPI.DLL
0x00007ffb1fda0000 - 0x00007ffb1fda9000 	C:\WINDOWS\System32\NSI.dll
0x00007ffb13bc0000 - 0x00007ffb13bd9000 	C:\WINDOWS\SYSTEM32\dhcpcsvc6.DLL
0x00007ffb15890000 - 0x00007ffb158ae000 	C:\WINDOWS\SYSTEM32\dhcpcsvc.DLL
0x00007ffb1db60000 - 0x00007ffb1dc47000 	C:\WINDOWS\SYSTEM32\DNSAPI.dll
0x00007ffadc8d0000 - 0x00007ffadc90e000 	C:\Users\welli\AppData\Roaming\Code\User\globalStorage\redhat.java\1.3.0\config_win\org.eclipse.equinox.launcher\org.eclipse.equinox.launcher.win32.win32.x86_64_1.2.400.v20211117-0650\eclipse_11602.dll
0x00007ffb1f9b0000 - 0x00007ffb1fb4a000 	C:\WINDOWS\System32\ole32.dll
0x00007ffaf02a0000 - 0x00007ffaf02b0000 	c:\Users\welli\.vscode\extensions\redhat.java-1.3.0\jre\17.0.1-win32-x86_64\bin\verify.dll
0x00007ffb15cb0000 - 0x00007ffb15cc1000 	C:\Users\welli\AppData\Roaming\Code\User\globalStorage\redhat.java\1.3.0\config_win\org.eclipse.osgi\22\0\.cp\jWinHttp-1.0.0.dll
0x00007ffaefde0000 - 0x00007ffaefdee000 	C:\Users\welli\.vscode\extensions\redhat.java-1.3.0\jre\17.0.1-win32-x86_64\bin\sunmscapi.dll
0x00007ffb1f5a0000 - 0x00007ffb1f702000 	C:\WINDOWS\System32\CRYPT32.dll
0x00007ffb1e710000 - 0x00007ffb1e738000 	C:\WINDOWS\SYSTEM32\ncrypt.dll
0x00007ffb1e6d0000 - 0x00007ffb1e707000 	C:\WINDOWS\SYSTEM32\NTASN1.dll
0x00007ffb10870000 - 0x00007ffb1087a000 	C:\Windows\System32\rasadhlp.dll
0x00007ffb123f0000 - 0x00007ffb12471000 	C:\WINDOWS\System32\fwpuclnt.dll

dbghelp: loaded successfully - version: 4.0.5 - missing functions: none
symbol engine: initialized successfully - sym options: 0x614 - pdb path: .;c:\Users\welli\.vscode\extensions\redhat.java-1.3.0\jre\17.0.1-win32-x86_64\bin;C:\WINDOWS\SYSTEM32;C:\WINDOWS\WinSxS\amd64_microsoft.windows.common-controls_6595b64144ccf1df_6.0.22000.120_none_9d947278b86cc467;c:\Users\welli\.vscode\extensions\redhat.java-1.3.0\jre\17.0.1-win32-x86_64\bin\server;C:\Users\welli\AppData\Roaming\Code\User\globalStorage\redhat.java\1.3.0\config_win\org.eclipse.equinox.launcher\org.eclipse.equinox.launcher.win32.win32.x86_64_1.2.400.v20211117-0650;C:\Users\welli\AppData\Roaming\Code\User\globalStorage\redhat.java\1.3.0\config_win\org.eclipse.osgi\22\0\.cp

VM Arguments:
jvm_args: --add-modules=ALL-SYSTEM --add-opens=java.base/java.util=ALL-UNNAMED --add-opens=java.base/java.lang=ALL-UNNAMED --add-opens=java.base/sun.nio.fs=ALL-UNNAMED -Declipse.application=org.eclipse.jdt.ls.core.id1 -Dosgi.bundles.defaultStartLevel=4 -Declipse.product=org.eclipse.jdt.ls.core.product -Djava.import.generatesMetadataFilesAtProjectRoot=false -Dfile.encoding=utf8 -DwatchParentProcess=false -XX:+UseParallelGC -XX:GCTimeRatio=4 -XX:AdaptiveSizePolicyWeight=90 -Dsun.zip.disableMemoryMapping=true -Xmx1G -Xms100m -XX:+HeapDumpOnOutOfMemoryError -XX:HeapDumpPath=c:\Users\welli\AppData\Roaming\Code\User\workspaceStorage\19ef204e6349fe1e0a102ed532032786\redhat.java 
java_command: c:\Users\welli\.vscode\extensions\redhat.java-1.3.0\server\plugins\org.eclipse.equinox.launcher_1.6.400.v20210924-0641.jar -configuration c:\Users\welli\AppData\Roaming\Code\User\globalStorage\redhat.java\1.3.0\config_win -data c:\Users\welli\AppData\Roaming\Code\User\workspaceStorage\19ef204e6349fe1e0a102ed532032786\redhat.java\jdt_ws
java_class_path (initial): c:\Users\welli\.vscode\extensions\redhat.java-1.3.0\server\plugins\org.eclipse.equinox.launcher_1.6.400.v20210924-0641.jar
Launcher Type: SUN_STANDARD

[Global flags]
    uintx AdaptiveSizePolicyWeight                 = 90                                        {product} {command line}
     intx CICompilerCount                          = 4                                         {product} {ergonomic}
    uintx GCTimeRatio                              = 4                                         {product} {command line}
     bool HeapDumpOnOutOfMemoryError               = true                                   {manageable} {command line}
    ccstr HeapDumpPath                             = c:\Users\welli\AppData\Roaming\Code\User\workspaceStorage\19ef204e6349fe1e0a102ed532032786\redhat.java         {manageable} {command line}
   size_t InitialHeapSize                          = 104857600                                 {product} {command line}
   size_t MaxHeapSize                              = 1073741824                                {product} {command line}
   size_t MaxNewSize                               = 357564416                                 {product} {ergonomic}
   size_t MinHeapDeltaBytes                        = 524288                                    {product} {ergonomic}
   size_t MinHeapSize                              = 104857600                                 {product} {command line}
   size_t NewSize                                  = 34603008                                  {product} {ergonomic}
    uintx NonNMethodCodeHeapSize                   = 5839372                                {pd product} {ergonomic}
    uintx NonProfiledCodeHeapSize                  = 122909434                              {pd product} {ergonomic}
   size_t OldSize                                  = 70254592                                  {product} {ergonomic}
    uintx ProfiledCodeHeapSize                     = 122909434                              {pd product} {ergonomic}
    uintx ReservedCodeCacheSize                    = 251658240                              {pd product} {ergonomic}
     bool SegmentedCodeCache                       = true                                      {product} {ergonomic}
   size_t SoftMaxHeapSize                          = 1073741824                             {manageable} {ergonomic}
     bool UseCompressedClassPointers               = true                           {product lp64_product} {ergonomic}
     bool UseCompressedOops                        = true                           {product lp64_product} {ergonomic}
     bool UseLargePagesIndividualAllocation        = false                                  {pd product} {ergonomic}
     bool UseParallelGC                            = true                                      {product} {command line}

Logging:
Log output configuration:
 #0: stdout all=warning uptime,level,tags
 #1: stderr all=off uptime,level,tags

Environment Variables:
PATH=C:\Program Files (x86)\VMware\VMware Player\bin\;C:\Program Files\Microsoft\jdk-11.0.12.7-hotspot\bin;C:\Program Files\Eclipse Foundation\jdk-11.0.12.7-hotspot\bin;C:\Python39\Scripts\;C:\Python39\;C:\ProgramData\Oracle\Java\javapath;C:\WINDOWS\system32;C:\WINDOWS;C:\WINDOWS\System32\Wbem;C:\WINDOWS\System32\WindowsPowerShell\v1.0\;C:\WINDOWS\System32\OpenSSH\;C:\Program Files\dotnet\;C:\Program Files\Microsoft SQL Server\130\Tools\Binn\;C:\Program Files\Microsoft SQL Server\Client SDK\ODBC\170\Tools\Binn\;C:\Program Files (x86)\Microsoft SQL Server\150\Tools\Binn\;C:\Program Files\Microsoft SQL Server\150\Tools\Binn\;C:\Program Files\Microsoft SQL Server\150\DTS\Binn\;C:\Program Files (x86)\Microsoft SQL Server\150\DTS\Binn\;C:\Program Files\Azure Data Studio\bin;C:\Program Files\nodejs\;C:\ProgramData\chocolatey\bin;C:\Program Files (x86)\dotnet\;C:\ProgramData\UNIVALI\Portugol Studio;C:\Program Files\Git\cmd;C:\Program Files\PowerShell\7\;C:\Users\welli\AppData\Local\Microsoft\WindowsApps;C:\Users\welli\AppData\Local\Programs\Microsoft VS Code\bin;C:\Users\welli\AppData\Local\GitHubDesktop\bin;C:\Users\welli\.dotnet\tools;C:\Program Files\Azure Data Studio\bin;C:\Users\welli\AppData\Roaming\npm;C:\Program Files\heroku\bin
USERNAME=Wellington
OS=Windows_NT
PROCESSOR_IDENTIFIER=Intel64 Family 6 Model 142 Stepping 10, GenuineIntel



---------------  S Y S T E M  ---------------

OS:
 Windows 10 , 64 bit Build 22000 (10.0.22000.434)
OS uptime: 1 days 18:49 hours

CPU: total 8 (initial active 8) (4 cores per cpu, 2 threads per core) family 6 model 142 stepping 10 microcode 0xe0, cx8, cmov, fxsr, ht, mmx, 3dnowpref, sse, sse2, sse3, ssse3, sse4.1, sse4.2, popcnt, lzcnt, tsc, tscinvbit, avx, avx2, aes, erms, clmul, bmi1, bmi2, adx, fma, vzeroupper, clflush, clflushopt

Memory: 4k page, system-wide physical 8108M (536M free)
TotalPageFile size 12204M (AvailPageFile size 1278M)
current process WorkingSet (physical memory assigned to process): 212M, peak: 219M
current process commit charge ("private bytes"): 292M, peak: 300M

vm_info: OpenJDK 64-Bit Server VM (17.0.1+12) for windows-amd64 JRE (17.0.1+12), built on Oct 20 2021 07:42:55 by "" with MS VC++ 16.7 (VS2019)

END.
