#
# A fatal error has been detected by the Java Runtime Environment:
#
#  EXCEPTION_ACCESS_VIOLATION (0xc0000005) at pc=0x000001edb96c3176, pid=4884, tid=4948
#
# JRE version: OpenJDK Runtime Environment Temurin-17.0.1+12 (17.0.1+12) (build 17.0.1+12)
# Java VM: OpenJDK 64-Bit Server VM Temurin-17.0.1+12 (17.0.1+12, mixed mode, tiered, compressed oops, compressed class ptrs, parallel gc, windows-amd64)
# Problematic frame:
# J 4437 c2 org.eclipse.jdt.internal.core.util.SimpleWordSet.add([C)[C (81 bytes) @ 0x000001edb96c3176 [0x000001edb96c3000+0x0000000000000176]
#
# No core dump will be written. Minidumps are not enabled by default on client versions of Windows
#
# If you would like to submit a bug report, please visit:
#   https://github.com/adoptium/adoptium-support/issues
#

---------------  S U M M A R Y ------------

Command Line: --add-modules=ALL-SYSTEM --add-opens=java.base/java.util=ALL-UNNAMED --add-opens=java.base/java.lang=ALL-UNNAMED --add-opens=java.base/sun.nio.fs=ALL-UNNAMED -Declipse.application=org.eclipse.jdt.ls.core.id1 -Dosgi.bundles.defaultStartLevel=4 -Declipse.product=org.eclipse.jdt.ls.core.product -Djava.import.generatesMetadataFilesAtProjectRoot=false -Dfile.encoding=utf8 -DwatchParentProcess=false -XX:+UseParallelGC -XX:GCTimeRatio=4 -XX:AdaptiveSizePolicyWeight=90 -Dsun.zip.disableMemoryMapping=true -Xmx1G -Xms100m -XX:+HeapDumpOnOutOfMemoryError -XX:HeapDumpPath=c:\Users\welli\AppData\Roaming\Code\User\workspaceStorage\19ef204e6349fe1e0a102ed532032786\redhat.java c:\Users\welli\.vscode\extensions\redhat.java-1.3.0\server\plugins\org.eclipse.equinox.launcher_1.6.400.v20210924-0641.jar -configuration c:\Users\welli\AppData\Roaming\Code\User\globalStorage\redhat.java\1.3.0\config_win -data c:\Users\welli\AppData\Roaming\Code\User\workspaceStorage\19ef204e6349fe1e0a102ed532032786\redhat.java\jdt_ws

Host: Intel(R) Core(TM) i5-8250U CPU @ 1.60GHz, 8 cores, 7G,  Windows 10 , 64 bit Build 22000 (10.0.22000.434)
Time: Fri Feb 18 11:53:54 2022 Hora oficial do Brasil elapsed time: 8.433720 seconds (0d 0h 0m 8s)

---------------  T H R E A D  ---------------

Current thread (0x000001edc5a05500):  JavaThread "Java indexing" daemon [_thread_in_Java, id=4948, stack(0x000000e2c9500000,0x000000e2c9600000)]

Stack: [0x000000e2c9500000,0x000000e2c9600000],  sp=0x000000e2c95fea90,  free space=1018k
Native frames: (J=compiled Java code, j=interpreted, Vv=VM code, C=native code)
C  0x000001edb96c3176


siginfo: EXCEPTION_ACCESS_VIOLATION (0xc0000005), reading address 0x000000000040000c


Register to memory mapping:

RIP=0x000001edb96c3176 is at entry_point+374 in (nmethod*)0x000001edb96c2e10
RAX=0x0000000000003d67 is an unknown value
RBX=0x000000000000006c is an unknown value
RCX=0x0000000000000069 is an unknown value
RDX=0x0000000000002ee5 is an unknown value
RSP=0x000000e2c95fea90 is pointing into the stack for thread: 0x000001edc5a05500
RBP=0x000000000000006c is an unknown value
RSI=0x00000000eb69fea0 is an oop: [C 
{0x00000000eb69fea0} - klass: {type array char}
 - length: 108
RDI=0x0000000000400000 is an unknown value
R8 =0x000001edacb41000 points into unknown readable memory: 0x0000000000000000 | 00 00 00 00 00 00 00 00
R9 =0x00000000e6ba60ea is an unallocated location in the heap
R10=0x0000000000400000 is an unknown value
R11=0x0000000000002ee5 is an unknown value
R12=0x0 is NULL
R13=0x00000000eb238308 is an oop: [[C 
{0x00000000eb238308} - klass: {type array char}[]
 - length: 110589
R14=0x00000000eb69fea0 is an oop: [C 
{0x00000000eb69fea0} - klass: {type array char}
 - length: 108
R15=0x000001edc5a05500 is a thread


Registers:
RAX=0x0000000000003d67, RBX=0x000000000000006c, RCX=0x0000000000000069, RDX=0x0000000000002ee5
RSP=0x000000e2c95fea90, RBP=0x000000000000006c, RSI=0x00000000eb69fea0, RDI=0x0000000000400000
R8 =0x000001edacb41000, R9 =0x00000000e6ba60ea, R10=0x0000000000400000, R11=0x0000000000002ee5
R12=0x0000000000000000, R13=0x00000000eb238308, R14=0x00000000eb69fea0, R15=0x000001edc5a05500
RIP=0x000001edb96c3176, EFLAGS=0x0000000000010206

Top of Stack: (sp=0x000000e2c95fea90)
0x000000e2c95fea90:   0000000000000009 00000000c1e02ff8
0x000000e2c95feaa0:   00000000c1ebfa70 000000000001affd
0x000000e2c95feab0:   00000000c1e03b88 000001edc5a05500
0x000000e2c95feac0:   0000000000000002 c1e03b8800000002
0x000000e2c95fead0:   000000000000006c 000001edb9521f30
0x000000e2c95feae0:   00000000eb69faa8 eb69fb08eb69fab8
0x000000e2c95feaf0:   00000000eb69a728 000001edb96e4c70
0x000000e2c95feb00:   000000000000000b 00000000c1e02ef8
0x000000e2c95feb10:   00000000eb69fea0 00000000eb69fdd0
0x000000e2c95feb20:   00000000c1e03b88 00000000eb69fa08
0x000000e2c95feb30:   000000070000003d c1e03b8800000000
0x000000e2c95feb40:   00000000eb69fdcc 0000000000000090
0x000000e2c95feb50:   000024dd00002273 0000000100000001
0x000000e2c95feb60:   00000149eb698868 0000000000000008
0x000000e2c95feb70:   00000001000438a8 000001edb9510b68
0x000000e2c95feb80:   00000000eb69fda8 00000000eb69fdbc 

Instructions: (pc=0x000001edb96c3176)
0x000001edb96c3076:   45 2b ca 41 81 c1 c1 03 00 00 bf 01 00 00 00 eb
0x000001edb96c3086:   13 66 0f 1f 84 00 00 00 00 00 45 8b ca 41 c1 e1
0x000001edb96c3096:   05 45 2b ca 41 0f b7 5c 7e 16 41 0f b7 74 7e 14
0x000001edb96c30a6:   45 0f b7 54 7e 10 45 0f b7 44 7e 12 45 03 ca 45
0x000001edb96c30b6:   8b d9 41 c1 e3 05 45 2b d9 45 03 d8 45 8b c3 41
0x000001edb96c30c6:   c1 e0 05 45 2b c3 44 03 c6 45 8b d0 41 c1 e2 05
0x000001edb96c30d6:   45 2b d0 44 03 d3 83 c7 04 90 3b f9 7c ac 3b fd
0x000001edb96c30e6:   0f 8d 0a 03 00 00 45 0f b7 44 7e 10 41 8b c2 c1
0x000001edb96c30f6:   e0 05 41 2b c2 41 03 c0 ff c7 3b fd 7d 05 44 8b
0x000001edb96c3106:   d0 eb e3 81 e0 ff ff ff 7f 44 8b 54 24 18 45 85
0x000001edb96c3116:   d2 0f 86 6f 0b 00 00 3d 00 00 00 80 75 08 33 d2
0x000001edb96c3126:   41 83 fa ff 74 04 99 41 f7 fa 44 8b da 3b 54 24
0x000001edb96c3136:   18 0f 83 2b 0b 00 00 45 8b 54 95 10 4d 8b 87 48
0x000001edb96c3146:   03 00 00 41 85 00 45 85 d2 0f 84 f0 00 00 00 49
0x000001edb96c3156:   8b fa 49 8b f6 48 3b fe 0f 84 bb 00 00 00 48 85
0x000001edb96c3166:   ff 0f 84 b9 00 00 00 48 85 f6 0f 84 b0 00 00 00
0x000001edb96c3176:   8b 4f 0c 3b 4e 0c 0f 85 a4 00 00 00 85 c9 0f 84
0x000001edb96c3186:   95 00 00 00 48 8d 7f 10 48 8d 76 10 d1 e1 8b c1
0x000001edb96c3196:   83 e0 1f 83 e1 e0 0f 84 4b 00 00 00 48 8d 3c 0f
0x000001edb96c31a6:   48 8d 34 0e 48 f7 d9 c5 fe 6f 04 0f c5 fe 6f 0c
0x000001edb96c31b6:   0e c5 fd ef c1 c4 e2 7d 17 c0 0f 85 60 00 00 00
0x000001edb96c31c6:   48 83 c1 20 75 e1 85 c0 0f 84 4b 00 00 00 c5 fe
0x000001edb96c31d6:   6f 44 07 e0 c5 fe 6f 4c 06 e0 c5 fd ef c1 c4 e2
0x000001edb96c31e6:   7d 17 c0 75 3b eb 32 8b c8 83 e1 fc 74 19 48 8d
0x000001edb96c31f6:   3c 0f 48 8d 34 0e 48 f7 d9 8b 1c 0f 3b 1c 0e 75
0x000001edb96c3206:   1f 48 83 c1 04 75 f2 f7 c0 02 00 00 00 74 0a 0f
0x000001edb96c3216:   b7 1f 0f b7 0e 3b d9 75 07 b8 01 00 00 00 eb 02
0x000001edb96c3226:   33 c0 c5 fd ef c0 c5 f5 ef c9 85 c0 0f 84 7b 00
0x000001edb96c3236:   00 00 49 8b c2 0f 1f 44 00 00 e9 58 00 00 00 44
0x000001edb96c3246:   3b 5c 24 18 0f 83 d0 0a 00 00 4c 8b 54 24 10 45
0x000001edb96c3256:   8b 52 10 4c 8b 44 24 10 45 8b 48 0c 49 8b de 45
0x000001edb96c3266:   8b c1 41 ff c0 48 8b 4c 24 10 44 89 41 0c 49 8b 


Stack slot to memory mapping:
stack at sp + 0 slots: 0x0000000000000009 is an unknown value
stack at sp + 1 slots: 0x00000000c1e02ff8 is an oop: [C 
{0x00000000c1e02ff8} - klass: {type array char}
 - length: 12
stack at sp + 2 slots: 0x00000000c1ebfa70 is an oop: org.eclipse.jdt.internal.core.util.SimpleWordSet 
{0x00000000c1ebfa70} - klass: 'org/eclipse/jdt/internal/core/util/SimpleWordSet'
 - ---- fields (total size 3 words):
 - public 'elementSize' 'I' @12  39245 (994d)
 - public 'threshold' 'I' @16  73726 (11ffe)
 - public 'words' '[[C' @20  a {type array char}[110589] {0x00000000eb238308} (eb238308)
stack at sp + 3 slots: 0x000000000001affd is an unknown value
stack at sp + 4 slots: 0x00000000c1e03b88 is an oop: org.eclipse.jdt.internal.core.index.MemoryIndex 
{0x00000000c1e03b88} - klass: 'org/eclipse/jdt/internal/core/index/MemoryIndex'
 - ---- fields (total size 4 words):
 - public 'NUM_CHANGES' 'I' @12  100 (64)
 - 'docsToReferences' 'Lorg/eclipse/jdt/internal/compiler/util/SimpleLookupTable;' @16  a 'org/eclipse/jdt/internal/compiler/util/SimpleLookupTable'{0x00000000c1e03ba8} (c1e03ba8)
 - 'allWords' 'Lorg/eclipse/jdt/internal/core/util/SimpleWordSet;' @20  a 'org/eclipse/jdt/internal/core/util/SimpleWordSet'{0x00000000c1ebfa70} (c1ebfa70)
 - 'lastDocumentName' 'Ljava/lang/String;' @24  "java.base|java/security/Policy.class"{0x00000000eb698668} (eb698668)
 - 'lastReferenceTable' 'Lorg/eclipse/jdt/internal/compiler/util/HashtableOfObject;' @28  a 'org/eclipse/jdt/internal/compiler/util/HashtableOfObject'{0x00000000eb699e90} (eb699e90)
stack at sp + 5 slots: 0x000001edc5a05500 is a thread
stack at sp + 6 slots: 0x0000000000000002 is an unknown value
stack at sp + 7 slots: 0xc1e03b8800000002 is an unknown value

--------------------------------------------------------------------------------

[Constant Pool]
             Address          hex4                    hex8      
  0x000001edb96c2fe0:   0x3fc00000      0xf4f4f4f43fc00000      
  0x000001edb96c2fe4:   0xf4f4f4f4                              
  0x000001edb96c2fe8:   0xf4f4f4f4      0xf4f4f4f4f4f4f4f4      
  0x000001edb96c2fec:   0xf4f4f4f4                              
  0x000001edb96c2ff0:   0xf4f4f4f4      0xf4f4f4f4f4f4f4f4      
  0x000001edb96c2ff4:   0xf4f4f4f4                              
  0x000001edb96c2ff8:   0xf4f4f4f4      0xf4f4f4f4f4f4f4f4      
  0x000001edb96c2ffc:   0xf4f4f4f4                              

--------------------------------------------------------------------------------

[MachCode]
  0x000001edb96c3000: 448b 5208 | 49c1 e203 | 493b c20f | 856f 9734 | f866 6690 | 0f1f 8400 | 0000 0000 | 6666 6690 
  0x000001edb96c3020: 8984 2400 | 90ff ff55 | 4883 ec60 | 4889 5424 | 1044 8b6a | 1445 8b55 | 0c44 8954 | 2418 4d8b 
  0x000001edb96c3040: f041 8b68 | 0c85 ed0f | 86b1 0300 | 0044 8bdd | 41ff cb44 | 3bdd 0f83 | 400c 0000 | 450f b750 
  0x000001edb96c3060: 108b cd83 | c1fd 83f9 | 010f 8e41 | 0c00 0045 | 8bca 41c1 | e105 452b | ca41 81c1 | c103 0000 
  0x000001edb96c3080: bf01 0000 | 00eb 1366 | 0f1f 8400 | 0000 0000 | 458b ca41 | c1e1 0545 | 2bca 410f | b75c 7e16 
  0x000001edb96c30a0: 410f b774 | 7e14 450f | b754 7e10 | 450f b744 | 7e12 4503 | ca45 8bd9 | 41c1 e305 | 452b d945 
  0x000001edb96c30c0: 03d8 458b | c341 c1e0 | 0545 2bc3 | 4403 c645 | 8bd0 41c1 | e205 452b | d044 03d3 | 83c7 0490 
  0x000001edb96c30e0: 3bf9 7cac | 3bfd 0f8d | 0a03 0000 | 450f b744 | 7e10 418b | c2c1 e005 | 412b c241 | 03c0 ffc7 
  0x000001edb96c3100: 3bfd 7d05 | 448b d0eb | e381 e0ff | ffff 7f44 | 8b54 2418 | 4585 d20f | 866f 0b00 | 003d 0000 
  0x000001edb96c3120: 0080 7508 | 33d2 4183 | faff 7404 | 9941 f7fa | 448b da3b | 5424 180f | 832b 0b00 | 0045 8b54 
  0x000001edb96c3140: 9510 4d8b | 8748 0300 | 0041 8500 | 4585 d20f | 84f0 0000 | 0049 8bfa | 498b f648 | 3bfe 0f84 
  0x000001edb96c3160: bb00 0000 | 4885 ff0f | 84b9 0000 | 0048 85f6 | 0f84 b000 | 0000 8b4f | 0c3b 4e0c | 0f85 a400 
  0x000001edb96c3180: 0000 85c9 | 0f84 9500 | 0000 488d | 7f10 488d | 7610 d1e1 | 8bc1 83e0 | 1f83 e1e0 | 0f84 4b00 
  0x000001edb96c31a0: 0000 488d | 3c0f 488d | 340e 48f7 | d9c5 fe6f | 040f c5fe | 6f0c 0ec5 | fdef c1c4 | e27d 17c0 
  0x000001edb96c31c0: 0f85 6000 | 0000 4883 | c120 75e1 | 85c0 0f84 | 4b00 0000 | c5fe 6f44 | 07e0 c5fe | 6f4c 06e0 
  0x000001edb96c31e0: c5fd efc1 | c4e2 7d17 | c075 3beb | 328b c883 | e1fc 7419 | 488d 3c0f | 488d 340e | 48f7 d98b 
  0x000001edb96c3200: 1c0f 3b1c | 0e75 1f48 | 83c1 0475 | f2f7 c002 | 0000 0074 | 0a0f b71f | 0fb7 0e3b | d975 07b8 
  0x000001edb96c3220: 0100 0000 | eb02 33c0 | c5fd efc0 | c5f5 efc9 | 85c0 0f84 | 7b00 0000 | 498b c20f | 1f44 0000 
  0x000001edb96c3240: e958 0000 | 0044 3b5c | 2418 0f83 | d00a 0000 | 4c8b 5424 | 1045 8b52 | 104c 8b44 | 2410 458b 
  0x000001edb96c3260: 480c 498b | de45 8bc1 | 41ff c048 | 8b4c 2410 | 4489 410c | 498b cd4f | 8d5c 9d10 | 4189 1b49 
  0x000001edb96c3280: c1eb 0948 | b900 0000 | aeed 0100 | 0046 8824 | 1945 3bc2 | 0f8f 6e01 | 0000 498b | c6c5 f877 
  0x000001edb96c32a0: 4883 c460 | 5d49 3ba7 | 4003 0000 | 0f87 170c | 0000 c341 | ffc3 6666 | 0f1f 8400 | 0000 0000 
  0x000001edb96c32c0: 443b 5c24 | 180f 8420 | 0100 000f | 1f44 0000 | 443b 5c24 | 180f 8321 | 0a00 0047 | 8b54 9d10 
  0x000001edb96c32e0: 4d8b 8748 | 0300 0041 | 8500 4585 | d20f 8452 | ffff ff49 | 8bfa 498b | f648 3bfe | 0f84 bb00 
  0x000001edb96c3300: 0000 4885 | ff0f 84b9 | 0000 0048 | 85f6 0f84 | b000 0000 | 8b4f 0c3b | 4e0c 0f85 | a400 0000 
  0x000001edb96c3320: 85c9 0f84 | 9500 0000 | 488d 7f10 | 488d 7610 | d1e1 8bc1 | 83e0 1f83 | e1e0 0f84 | 4b00 0000 
  0x000001edb96c3340: 488d 3c0f | 488d 340e | 48f7 d9c5 | fe6f 040f | c5fe 6f0c | 0ec5 fdef | c1c4 e27d | 17c0 0f85 
  0x000001edb96c3360: 6000 0000 | 4883 c120 | 75e1 85c0 | 0f84 4b00 | 0000 c5fe | 6f44 07e0 | c5fe 6f4c | 06e0 c5fd 
  0x000001edb96c3380: efc1 c4e2 | 7d17 c075 | 3beb 328b | c883 e1fc | 7419 488d | 3c0f 488d | 340e 48f7 | d98b 1c0f 
  0x000001edb96c33a0: 3b1c 0e75 | 1f48 83c1 | 0475 f2f7 | c002 0000 | 0074 0a0f | b71f 0fb7 | 0e3b d975 | 07b8 0100 
  0x000001edb96c33c0: 0000 eb02 | 33c0 c5fd | efc0 c5f5 | efc9 85c0 | 0f85 62fe | ffff 41ff | c30f 1f80 | 0000 0000 
  0x000001edb96c33e0: 443b 5c24 | 180f 85e5 | feff ff45 | 33db 418b | d3e9 3afd | ffff 418b | c2e9 0bfd | ffff b801 
  0x000001edb96c3400: 0000 00e9 | 07fd ffff | 41d1 e141 | 83c1 0244 | 894c 240c | c4c1 722a | c9c5 f259 | 05bf fbff 
  0x000001edb96c3420: ffc5 7a2c | c041 81f8 | 0000 0080 | 7510 4883 | ec08 c5fa | 1104 24e8 | b7dc 2ff8 | 4158 6690 
  0x000001edb96c3440: 453b c80f | 84e7 0700 | 0041 81f8 | 0000 0400 | 0f87 120a | 0000 4963 | c80f 1f80 | 0000 0000 
  0x000001edb96c3460: 4181 f800 | 0004 000f | 87d8 0700 | 004d 8b8f | 0801 0000 | 48c1 e102 | 4883 c117 | 4c8b d149 
  0x000001edb96c3480: 83e2 f84d | 8bd9 4d03 | da4d 3b9f | 1801 0000 | 0f83 af07 | 0000 4d89 | 9f08 0100 | 0041 0f0d 
  0x000001edb96c34a0: 8bc0 0000 | 0049 c701 | 0100 0000 | 410f 0d8b | 0001 0000 | 41c7 4108 | 2db2 0320 | 4589 410c 
  0x000001edb96c34c0: 410f 0d8b | 4001 0000 | 498b f948 | 83c7 1041 | 0f0d 8b80 | 0100 0048 | c1e9 0348 | 83c1 fe48 
  0x000001edb96c34e0: 33c0 4883 | f908 7f10 | 48ff c978 | 4f48 8904 | cf48 ffc9 | 7df7 eb44 | c5fd efc0 | e90d 0000 
  0x000001edb96c3500: 00c5 fe7f | 07c5 fe7f | 4720 4883 | c740 4883 | e908 7ded | 4883 c104 | 7c0c c5fe | 7f07 4883 
  0x000001edb96c3520: c720 4883 | e904 4883 | c104 7e10 | 48ff c9c5 | f9d6 0748 | 83c7 0848 | ffc9 7df3 | 448b 5c24 
  0x000001edb96c3540: 1841 ffcb | 4489 5c24 | 0849 8bc9 | 4533 c0e9 | 9000 0000 | c5f9 7ec9 | e97f 0000 | 0066 6690 
  0x000001edb96c3560: 413b d50f | 83af 0800 | 0048 896c | 2428 4489 | 6c24 2444 | 8954 2420 | 4489 5c24 | 1c49 8bee 
  0x000001edb96c3580: 4d8d 5c91 | 104c 890c | 2444 8944 | 2418 41ff | c044 8944 | 2430 4d8b | c34c 8b54 | 2428 4589 
  0x000001edb96c35a0: 1349 c1e8 | 0949 ba00 | 0000 aeed | 0100 0047 | 8824 0244 | 8b54 2430 | 0f1f 8400 | 0000 0000 
  0x000001edb96c35c0: 443b 5424 | 0c0f 8f04 | 0400 00c5 | f97e c94c | 8bf5 448b | 4424 3044 | 8b54 2420 | 4c8b c944 
  0x000001edb96c35e0: 8954 2408 | 4d8b 9f48 | 0300 0041 | 8503 448b | 5424 0845 | 85d2 0f8c | 9903 0000 | 4c8b 5424 
  0x000001edb96c3600: 1041 8b5a | 1444 8b5b | 0c45 85db | 0f86 3207 | 0000 8b7c | 2408 413b | fb0f 8325 | 0700 0044 
  0x000001edb96c3620: 8b54 2408 | 468b 5c93 | 1041 ffca | 4585 db75 | 1141 83fa | ff0f 8e5a | 0300 0044 | 8954 2408 
  0x000001edb96c3640: ebdd 458b | 690c 418b | 6b0c 85ed | 0f86 7303 | 0000 8bdd | ffcb 3bdd | 0f83 4e07 | 0000 c4c1 
  0x000001edb96c3660: 796e c5c4 | c179 6eca | 418b c045 | 0fb7 4310 | 458b eb8b | fd83 c7fd | 3bdf 41ba | 0000 0080 
  0x000001edb96c3680: 410f 4cfa | 418b d8c1 | e305 412b | d881 c3c1 | 0300 0083 | ff01 0f8e | 3807 0000 | ba01 0000 
  0x000001edb96c36a0: 0041 0fb7 | 7455 1645 | 0fb7 4455 | 1445 0fb7 | 5455 1045 | 0fb7 5c55 | 1241 03da | 448b d341 
  0x000001edb96c36c0: c1e2 0544 | 2bd3 4503 | d341 8bda | c1e3 0541 | 2bda 4103 | d844 8bc3 | 41c1 e005 | 442b c344 
  0x000001edb96c36e0: 03c6 458b | d041 c1e2 | 0545 2bd0 | 418b da83 | c204 3bd7 | 7cab 3bd5 | 0f8d 8c02 | 0000 458b 
  0x000001edb96c3700: dd45 0fb7 | 4455 1041 | 03d8 ffc2 | 3bd5 7d0f | 448b d341 | c1e2 0544 | 2bd3 418b | daeb df81 
  0x000001edb96c3720: e3ff ffff | 7f44 8bc0 | c4c1 797e | cac4 c179 | 7ec5 4585 | ed0f 8661 | 0600 008b | c33d 0000 
  0x000001edb96c3740: 0080 7508 | 33d2 4183 | fdff 7404 | 9941 f7fd | 498b eb41 | 3bd5 0f83 | 0c06 0000 | c5f9 6ec9 
  0x000001edb96c3760: 418b 4c91 | 1049 8b9f | 4803 0000 | 8503 85c9 | 0f84 e7fd | ffff 488b | f948 8bf5 | 483b fe0f 
  0x000001edb96c3780: 84bb 0000 | 0048 85ff | 0f84 b900 | 0000 4885 | f60f 84b0 | 0000 008b | 4f0c 3b4e | 0c0f 85a4 
  0x000001edb96c37a0: 0000 0085 | c90f 8495 | 0000 0048 | 8d7f 1048 | 8d76 10d1 | e18b c183 | e01f 83e1 | e00f 844b 
  0x000001edb96c37c0: 0000 0048 | 8d3c 0f48 | 8d34 0e48 | f7d9 c5fe | 6f04 0fc5 | fe6f 140e | c5fd efc2 | c4e2 7d17 
  0x000001edb96c37e0: c00f 8560 | 0000 0048 | 83c1 2075 | e185 c00f | 844b 0000 | 00c5 fe6f | 4407 e0c5 | fe6f 5406 
  0x000001edb96c3800: e0c5 fdef | c2c4 e27d | 17c0 753b | eb32 8bc8 | 83e1 fc74 | 1948 8d3c | 0f48 8d34 | 0e48 f7d9 
  0x000001edb96c3820: 8b1c 0f3b | 1c0e 751f | 4883 c104 | 75f2 f7c0 | 0200 0000 | 740a 0fb7 | 1f0f b70e | 3bd9 7507 
  0x000001edb96c3840: b801 0000 | 00eb 0233 | c0c5 fdef | c0c5 edef | d285 c00f | 85fb fcff | ffff c20f | 1f44 0000 
  0x000001edb96c3860: 413b d50f | 8414 0100 | 000f 1f80 | 0000 0000 | 413b d50f | 836c 0500 | 0041 8b5c | 9110 498b 
  0x000001edb96c3880: 8f48 0300 | 0085 0185 | db0f 84ce | fcff ff48 | 8bfb 488b | f548 3bfe | 0f84 bb00 | 0000 4885 
  0x000001edb96c38a0: ff0f 84b9 | 0000 0048 | 85f6 0f84 | b000 0000 | 8b4f 0c3b | 4e0c 0f85 | a400 0000 | 85c9 0f84 
  0x000001edb96c38c0: 9500 0000 | 488d 7f10 | 488d 7610 | d1e1 8bc1 | 83e0 1f83 | e1e0 0f84 | 4b00 0000 | 488d 3c0f 
  0x000001edb96c38e0: 488d 340e | 48f7 d9c5 | fe6f 140f | c5fe 6f04 | 0ec5 edef | d0c4 e27d | 17d2 0f85 | 6000 0000 
  0x000001edb96c3900: 4883 c120 | 75e1 85c0 | 0f84 4b00 | 0000 c5fe | 6f54 07e0 | c5fe 6f44 | 06e0 c5ed | efd0 c4e2 
  0x000001edb96c3920: 7d17 d275 | 3beb 328b | c883 e1fc | 7419 488d | 3c0f 488d | 340e 48f7 | d98b 1c0f | 3b1c 0e75 
  0x000001edb96c3940: 1f48 83c1 | 0475 f2f7 | c002 0000 | 0074 0a0f | b71f 0fb7 | 0e3b d975 | 07b8 0100 | 0000 eb02 
  0x000001edb96c3960: 33c0 c5ed | efd2 c5fd | efc0 85c0 | 0f85 e2fb | ffff ffc2 | 413b d50f | 85f3 feff | ff33 c98b 
  0x000001edb96c3980: d1c5 f97e | c9e9 c9fd | ffff 458b | dd41 8bd8 | e98a fdff | ff4c 8b54 | 2410 4589 | 420c 448b 
  0x000001edb96c39a0: 4424 0c45 | 8942 1041 | 894a 1449 | c1ea 0949 | bb00 0000 | aeed 0100 | 0047 8824 | 1366 6690 
  0x000001edb96c39c0: e9d5 f8ff | ffbb 0100 | 0000 e963 | fdff ff49 | 8b87 0801 | 0000 4c8b | d049 83c2 | 1866 6690 
  0x000001edb96c39e0: 4d3b 9718 | 0100 000f | 83d1 0200 | 004d 8997 | 0801 0000 | 410f 0d8a | c000 0000 | 48c7 0001 
  0x000001edb96c3a00: 0000 00c7 | 4008 ca5a | 0a20 4489 | 600c 4c89 | 6010 4c8b | d844 8b54 | 2418 41d1 | e241 83c2 
  0x000001edb96c3a20: 02c4 c17a | 2ac2 c5fa | 590d b2f5 | ffff c57a | 2cc1 4181 | f800 0000 | 8075 1048 | 83ec 08c5 
  0x000001edb96c3a40: fa11 0c24 | e8aa d62f | f841 5845 | 3bd0 0f84 | e401 0000 | 0f1f 8400 | 0000 0000 | 6666 6690 
  0x000001edb96c3a60: 4181 f800 | 0004 000f | 8703 0400 | 0049 63c8 | 4589 5310 | 0f1f 8400 | 0000 0000 | 6666 6690 
  0x000001edb96c3a80: 4181 f800 | 0004 000f | 8748 0200 | 004c 895c | 2438 4489 | 5424 184d | 8b97 0801 | 0000 4d8b 
  0x000001edb96c3aa0: ca48 c1e1 | 0248 83c1 | 174c 8bd9 | 4983 e3f8 | 4d03 d366 | 0f1f 8400 | 0000 0000 | 6666 6690 
  0x000001edb96c3ac0: 4d3b 9718 | 0100 000f | 8312 0200 | 004d 8997 | 0801 0000 | 410f 0d8a | c000 0000 | 49c7 0101 
  0x000001edb96c3ae0: 0000 0041 | 0f0d 8a00 | 0100 0041 | c741 082d | b203 2045 | 8941 0c41 | 0f0d 8a40 | 0100 0049 
  0x000001edb96c3b00: 8bf9 4883 | c710 410f | 0d8a 8001 | 0000 48c1 | e903 4883 | c1fe 4833 | c048 83f9 | 087f 1048 
  0x000001edb96c3b20: ffc9 784f | 4889 04cf | 48ff c97d | f7eb 44c5 | fdef c0e9 | 0d00 0000 | c5fe 7f07 | c5fe 7f47 
  0x000001edb96c3b40: 2048 83c7 | 4048 83e9 | 087d ed48 | 83c1 047c | 0cc5 fe7f | 0748 83c7 | 2048 83e9 | 0448 83c1 
  0x000001edb96c3b60: 047e 1048 | ffc9 c5f9 | d607 4883 | c708 48ff | c97d f34d | 8bc1 448b | 5c24 2445 | 8bd3 41ff 
  0x000001edb96c3b80: ca49 8bc8 | 4c8b 4424 | 3841 8948 | 144d 8bd8 | 49c1 eb09 | 49b9 0000 | 00ae ed01 | 0000 4788 
  0x000001edb96c3ba0: 2419 4533 | c9eb 2e4d | 8bc2 488b | 5424 4090 | c5f8 77e8 | c88e 34f8 | 4c8b 4424 | 4041 8b48 
  0x000001edb96c3bc0: 1445 8b48 | 0c45 8b58 | 108b 5c24 | 3844 895c | 2418 448b | d345 85d2 | 0f8c 3e00 | 0000 6690 
  0x000001edb96c3be0: 443b 5424 | 240f 8359 | 0200 004c | 8944 2440 | 4489 5424 | 344c 8b14 | 2444 8b5c | 2434 478b 
  0x000001edb96c3c00: 549a 1045 | 8bc3 41ff | c844 8944 | 2438 4585 | d275 9445 | 8bd0 4183 | f8ff 7fd4 | 448b 5424 
  0x000001edb96c3c20: 1844 8954 | 240c 4489 | 4c24 30e9 | 9ff9 ffff | 41ff c0e9 | 11f8 ffff | 41ff c00f | 1f44 0000 
  0x000001edb96c3c40: e90f feff | ff4c 8934 | 2448 ba68 | 911d 0001 | 0000 0090 | c5f8 77e8 | a487 3ff8 | 4c8b 3424 
  0x000001edb96c3c60: 4c8b c8e9 | d4f8 ffff | bae4 ffff | ff49 8bee | 48ff 7424 | 1048 8f04 | 2444 896c | 2410 4489 
  0x000001edb96c3c80: 5c24 1490 | c5f8 77e8 | 74e3 34f8 | ba86 ffff | ff8b e890 | c5f8 77e8 | 64e3 34f8 | ba76 ffff 
  0x000001edb96c3ca0: ff4c 8944 | 2408 6690 | c5f8 77e8 | 50e3 34f8 | 4183 c21f | bf01 0000 | 00e9 26f4 | ffff 48ba 
  0x000001edb96c3cc0: 50d6 5200 | 0100 0000 | c5f8 77e8 | 3084 3ff8 | e93d fdff | ff44 8954 | 2418 4c89 | 5c24 3848 
  0x000001edb96c3ce0: ba68 911d | 0001 0000 | 0066 6690 | c5f8 77e8 | 0c87 3ff8 | 4c8b c8e9 | 77fe ffff | bae4 ffff 
  0x000001edb96c3d00: ff49 8bee | 48ff 7424 | 1048 8f04 | 2444 896c | 2410 4489 | 5c24 1490 | c5f8 77e8 | e0e2 34f8 
  0x000001edb96c3d20: bae4 ffff | ff49 8bee | 48ff 7424 | 1048 8f44 | 2408 4489 | 6c24 1044 | 895c 2414 | c5f8 77e8 
  0x000001edb96c3d40: bce2 34f8 | ba76 ffff | ff49 8bee | 48ff 7424 | 1048 8f04 | 2444 8944 | 2414 4c89 | 4c24 1890 
  0x000001edb96c3d60: c5f8 77e8 | 98e2 34f8 | 498b ee48 | ff74 2410 | 488f 0424 | 4489 5c24 | 1044 896c | 2414 8954 
  0x000001edb96c3d80: 241c 4489 | 4424 284c | 894c 2430 | bae4 ffff | ff66 6690 | c5f8 77e8 | 64e2 34f8 | ba86 ffff 
  0x000001edb96c3da0: ff8b eb90 | c5f8 77e8 | 54e2 34f8 | ba76 ffff | ff4c 8934 | 2444 896c | 241c 4489 | 5c24 2044 
  0x000001edb96c3dc0: 8944 2424 | 4c89 4c24 | 2866 6690 | c5f8 77e8 | 2ce2 34f8 | 4183 c01f | ba01 0000 | 0066 6690 
  0x000001edb96c3de0: e911 f9ff | ff49 8bee | 48ff 7424 | 1048 8f04 | 2444 895c | 2410 4489 | 6c24 1489 | 5424 1c44 
  0x000001edb96c3e00: 8944 2428 | 4c89 4c24 | 30ba e4ff | ffff 6690 | c5f8 77e8 | e8e1 34f8 | 498b ee48 | ff74 2410 
  0x000001edb96c3e20: 488f 0424 | 8954 2414 | 4489 5c24 | 2044 8944 | 2424 4c89 | 4c24 28ba | e4ff ffff | c5f8 77e8 
  0x000001edb96c3e40: bce1 34f8 | ba76 ffff | ff44 8b4c | 241c 4489 | 4c24 184c | 8944 2420 | 4489 5424 | 2866 6690 
  0x000001edb96c3e60: c5f8 77e8 | 98e1 34f8 | 4963 c8e9 | e9f5 ffff | 4963 c8e9 | f8fb ffff | baf6 ffff | ff66 6690 
  0x000001edb96c3e80: c5f8 77e8 | 78e1 34f8 | ba45 ffff | ff4c 8904 | 244c 8944 | 2408 6690 | c5f8 77e8 | 60e1 34f8 
  0x000001edb96c3ea0: baf6 ffff | ff66 6690 | c5f8 77e8 | 50e1 34f8 | eb07 eb05 | 488b d0eb | 0348 8bd0 | c5f8 7748 
  0x000001edb96c3ec0: 83c4 605d | e937 b03f | f849 baa5 | 326c b9ed | 0100 004d | 8997 5803 | 0000 e921 | f234 f8f4 
  0x000001edb96c3ee0: 48bb 0000 | 0000 0000 | 0000 e9fb | ffff ffe9 | 0c0f 36f8 | e800 0000 | 0048 832c | 2405 e99d 
  0x000001edb96c3f00: e434 f8f4 | f4f4 f4f4 
[/MachCode]
--------------------------------------------------------------------------------


---------------  P R O C E S S  ---------------

Threads class SMR info:
_java_thread_list=0x000001edca32c800, length=31, elements={
0x000001edaed49090, 0x000001edc2bb5030, 0x000001edc2bb6640, 0x000001edc454f930,
0x000001edc45508b0, 0x000001edc4551260, 0x000001edc455d630, 0x000001edc455e9c0,
0x000001edc4563100, 0x000001edc4587b10, 0x000001edc4658000, 0x000001edc4797530,
0x000001edc5925d90, 0x000001edc5cbd910, 0x000001edc5c7d8d0, 0x000001edc5cbd3b0,
0x000001edc6e0bad0, 0x000001edc6cf8080, 0x000001edc5a089f0, 0x000001edc5a08520,
0x000001edc5a08ec0, 0x000001edc5a05500, 0x000001edc5a05ea0, 0x000001edc5a06840,
0x000001edc5a06d10, 0x000001edc5a059d0, 0x000001edc5a06370, 0x000001edd5413f10,
0x000001edd5411d60, 0x000001edd5410080, 0x000001edd51ee5d0
}

Java Threads: ( => current thread )
  0x000001edaed49090 JavaThread "main" [_thread_blocked, id=4180, stack(0x000000e2c7500000,0x000000e2c7600000)]
  0x000001edc2bb5030 JavaThread "Reference Handler" daemon [_thread_blocked, id=7208, stack(0x000000e2c7800000,0x000000e2c7900000)]
  0x000001edc2bb6640 JavaThread "Finalizer" daemon [_thread_blocked, id=7356, stack(0x000000e2c7900000,0x000000e2c7a00000)]
  0x000001edc454f930 JavaThread "Signal Dispatcher" daemon [_thread_blocked, id=11672, stack(0x000000e2c7a00000,0x000000e2c7b00000)]
  0x000001edc45508b0 JavaThread "Attach Listener" daemon [_thread_blocked, id=9116, stack(0x000000e2c7b00000,0x000000e2c7c00000)]
  0x000001edc4551260 JavaThread "Service Thread" daemon [_thread_blocked, id=11492, stack(0x000000e2c7c00000,0x000000e2c7d00000)]
  0x000001edc455d630 JavaThread "Monitor Deflation Thread" daemon [_thread_blocked, id=6240, stack(0x000000e2c7d00000,0x000000e2c7e00000)]
  0x000001edc455e9c0 JavaThread "C2 CompilerThread0" daemon [_thread_in_native, id=13908, stack(0x000000e2c7e00000,0x000000e2c7f00000)]
  0x000001edc4563100 JavaThread "C1 CompilerThread0" daemon [_thread_blocked, id=15280, stack(0x000000e2c7f00000,0x000000e2c8000000)]
  0x000001edc4587b10 JavaThread "Sweeper thread" daemon [_thread_blocked, id=14220, stack(0x000000e2c8000000,0x000000e2c8100000)]
  0x000001edc4658000 JavaThread "Common-Cleaner" daemon [_thread_blocked, id=5784, stack(0x000000e2c8100000,0x000000e2c8200000)]
  0x000001edc4797530 JavaThread "Notification Thread" daemon [_thread_blocked, id=12212, stack(0x000000e2c8300000,0x000000e2c8400000)]
  0x000001edc5925d90 JavaThread "Active Thread: Equinox Container: 6bd3ebd4-4f63-4b19-aaa5-b80c61c9cb56" [_thread_blocked, id=3112, stack(0x000000e2c8500000,0x000000e2c8600000)]
  0x000001edc5cbd910 JavaThread "Framework Event Dispatcher: Equinox Container: 6bd3ebd4-4f63-4b19-aaa5-b80c61c9cb56" daemon [_thread_blocked, id=6184, stack(0x000000e2c8600000,0x000000e2c8700000)]
  0x000001edc5c7d8d0 JavaThread "Start Level: Equinox Container: 6bd3ebd4-4f63-4b19-aaa5-b80c61c9cb56" daemon [_thread_blocked, id=10184, stack(0x000000e2c8d00000,0x000000e2c8e00000)]
  0x000001edc5cbd3b0 JavaThread "SCR Component Actor" daemon [_thread_blocked, id=12004, stack(0x000000e2c8e00000,0x000000e2c8f00000)]
  0x000001edc6e0bad0 JavaThread "Bundle File Closer" daemon [_thread_blocked, id=12584, stack(0x000000e2c9000000,0x000000e2c9100000)]
  0x000001edc6cf8080 JavaThread "Worker-JM" [_thread_blocked, id=8892, stack(0x000000e2c9100000,0x000000e2c9200000)]
  0x000001edc5a089f0 JavaThread "Worker-0" [_thread_blocked, id=7204, stack(0x000000e2c9200000,0x000000e2c9300000)]
  0x000001edc5a08520 JavaThread "Worker-1" [_thread_blocked, id=7960, stack(0x000000e2c9300000,0x000000e2c9400000)]
  0x000001edc5a08ec0 JavaThread "Worker-2" [_thread_blocked, id=4388, stack(0x000000e2c8200000,0x000000e2c8300000)]
=>0x000001edc5a05500 JavaThread "Java indexing" daemon [_thread_in_Java, id=4948, stack(0x000000e2c9500000,0x000000e2c9600000)]
  0x000001edc5a05ea0 JavaThread "pool-2-thread-1" [_thread_in_native, id=9288, stack(0x000000e2c9800000,0x000000e2c9900000)]
  0x000001edc5a06840 JavaThread "Worker-3: Java indexing... " [_thread_blocked, id=7668, stack(0x000000e2c9900000,0x000000e2c9a00000)]
  0x000001edc5a06d10 JavaThread "Worker-4" [_thread_blocked, id=12052, stack(0x000000e2c9a00000,0x000000e2c9b00000)]
  0x000001edc5a059d0 JavaThread "Worker-5" [_thread_blocked, id=3008, stack(0x000000e2c9700000,0x000000e2c9800000)]
  0x000001edc5a06370 JavaThread "Worker-6" [_thread_blocked, id=14012, stack(0x000000e2c9b00000,0x000000e2c9c00000)]
  0x000001edd5413f10 JavaThread "ForkJoinPool.commonPool-worker-1" daemon [_thread_blocked, id=13696, stack(0x000000e2c9c00000,0x000000e2c9d00000)]
  0x000001edd5411d60 JavaThread "ForkJoinPool.commonPool-worker-2" daemon [_thread_blocked, id=13132, stack(0x000000e2c9d00000,0x000000e2c9e00000)]
  0x000001edd5410080 JavaThread "ForkJoinPool.commonPool-worker-3" daemon [_thread_blocked, id=15052, stack(0x000000e2c9e00000,0x000000e2c9f00000)]
  0x000001edd51ee5d0 JavaThread "C2 CompilerThread1" daemon [_thread_blocked, id=4348, stack(0x000000e2c8f00000,0x000000e2c9000000)]

Other Threads:
  0x000001edc2a5c6e0 VMThread "VM Thread" [stack: 0x000000e2c7700000,0x000000e2c7800000] [id=3792]
  0x000001edc46590b0 WatcherThread [stack: 0x000000e2c8400000,0x000000e2c8500000] [id=13160]
  0x000001edaed5e8f0 GCTaskThread "GC Thread#0" [stack: 0x000000e2c7600000,0x000000e2c7700000] [id=15048]
  0x000001edc589e3d0 GCTaskThread "GC Thread#1" [stack: 0x000000e2c8700000,0x000000e2c8800000] [id=12924]
  0x000001edc5a256f0 GCTaskThread "GC Thread#2" [stack: 0x000000e2c8800000,0x000000e2c8900000] [id=11020]
  0x000001edc5a259a0 GCTaskThread "GC Thread#3" [stack: 0x000000e2c8900000,0x000000e2c8a00000] [id=10220]
  0x000001edc5a0fc60 GCTaskThread "GC Thread#4" [stack: 0x000000e2c8a00000,0x000000e2c8b00000] [id=4680]
  0x000001edc5a0ff10 GCTaskThread "GC Thread#5" [stack: 0x000000e2c8b00000,0x000000e2c8c00000] [id=6372]
  0x000001edc5a101c0 GCTaskThread "GC Thread#6" [stack: 0x000000e2c8c00000,0x000000e2c8d00000] [id=7748]
  0x000001edc6fee370 GCTaskThread "GC Thread#7" [stack: 0x000000e2c9400000,0x000000e2c9500000] [id=12068]

Threads with active compile tasks:
C2 CompilerThread0     8622 5319   !   4       org.eclipse.jdt.internal.core.search.indexing.BinaryIndexer::indexDocument (1144 bytes)

VM state: not at safepoint (normal execution)

VM Mutex/Monitor currently owned by a thread: None

Heap address: 0x00000000c0000000, size: 1024 MB, Compressed Oops mode: 32-bit

CDS archive(s) not mapped
Compressed class space mapped at: 0x0000000100000000-0x0000000140000000, reserved size: 1073741824
Narrow klass base: 0x0000000000000000, Narrow klass shift: 3, Narrow klass range: 0x140000000

GC Precious Log:
 CPUs: 8 total, 8 available
 Memory: 8108M
 Large Page Support: Disabled
 NUMA Support: Disabled
 Compressed Oops: Enabled (32-bit)
 Alignments: Space 512K, Generation 512K, Heap 2M
 Heap Min Capacity: 100M
 Heap Initial Capacity: 100M
 Heap Max Capacity: 1G
 Pre-touch: Disabled
 Parallel Workers: 8

Heap:
 PSYoungGen      total 21504K, used 15805K [0x00000000eab00000, 0x00000000ec480000, 0x0000000100000000)
  eden space 17408K, 68% used [0x00000000eab00000,0x00000000eb6a6390,0x00000000ebc00000)
  from space 4096K, 94% used [0x00000000ec080000,0x00000000ec449218,0x00000000ec480000)
  to   space 4096K, 0% used [0x00000000ebc80000,0x00000000ebc80000,0x00000000ec080000)
 ParOldGen       total 68608K, used 44238K [0x00000000c0000000, 0x00000000c4300000, 0x00000000eab00000)
  object space 68608K, 64% used [0x00000000c0000000,0x00000000c2b33b60,0x00000000c4300000)
 Metaspace       used 53125K, committed 53952K, reserved 1097728K
  class space    used 5780K, committed 6144K, reserved 1048576K

Card table byte_map: [0x000001edae600000,0x000001edae810000] _byte_map_base: 0x000001edae000000

Marking Bits: (ParMarkBitMap*) 0x00007ffa7acf2a60
 Begin Bits: [0x000001edc09c0000, 0x000001edc19c0000)
 End Bits:   [0x000001edc19c0000, 0x000001edc29c0000)

Polling page: 0x000001edacb40000

Metaspace:

Usage:
  Non-class:     46.23 MB used.
      Class:      5.65 MB used.
       Both:     51.88 MB used.

Virtual space:
  Non-class space:       48.00 MB reserved,      46.69 MB ( 97%) committed,  6 nodes.
      Class space:        1.00 GB reserved,       6.00 MB ( <1%) committed,  1 nodes.
             Both:        1.05 GB reserved,      52.69 MB (  5%) committed. 

Chunk freelists:
   Non-Class:  1.28 MB
       Class:  2.06 MB
        Both:  3.34 MB

MaxMetaspaceSize: unlimited
CompressedClassSpaceSize: 1.00 GB
Initial GC threshold: 21.00 MB
Current GC threshold: 58.38 MB
CDS: off
MetaspaceReclaimPolicy: balanced
 - commit_granule_bytes: 65536.
 - commit_granule_words: 8192.
 - virtual_space_node_default_size: 1048576.
 - enlarge_chunks_in_place: 1.
 - new_chunks_are_fully_committed: 0.
 - uncommit_free_chunks: 1.
 - use_allocation_guard: 0.
 - handle_deallocations: 1.


Internal statistics:

num_allocs_failed_limit: 6.
num_arena_births: 350.
num_arena_deaths: 0.
num_vsnodes_births: 7.
num_vsnodes_deaths: 0.
num_space_committed: 843.
num_space_uncommitted: 0.
num_chunks_returned_to_freelist: 6.
num_chunks_taken_from_freelist: 2309.
num_chunk_merges: 6.
num_chunk_splits: 1502.
num_chunks_enlarged: 933.
num_purges: 0.
num_inconsistent_stats: 0.

CodeHeap 'non-profiled nmethods': size=120000Kb used=2521Kb max_used=2829Kb free=117478Kb
 bounds [0x000001edb9490000, 0x000001edb9760000, 0x000001edc09c0000]
CodeHeap 'profiled nmethods': size=120000Kb used=8140Kb max_used=10410Kb free=111859Kb
 bounds [0x000001edb1f60000, 0x000001edb2990000, 0x000001edb9490000]
CodeHeap 'non-nmethods': size=5760Kb used=1293Kb max_used=1357Kb free=4466Kb
 bounds [0x000001edb19c0000, 0x000001edb1c30000, 0x000001edb1f60000]
 total_blobs=5099 nmethods=4474 adapters=537
 compilation: enabled
              stopped_count=0, restarted_count=0
 full_count=0

Compilation events (20 events):
Event: 8.196 Thread 0x000001edd51ee5d0 nmethod 5329 0x000001edb95b3410 code [0x000001edb95b3640, 0x000001edb95b4df0]
Event: 8.204 Thread 0x000001edc4563100 5330       3       org.eclipse.jdt.internal.core.util.Util::getJavaLikeExtensions (199 bytes)
Event: 8.206 Thread 0x000001edc4563100 nmethod 5330 0x000001edb209ca10 code [0x000001edb209ce00, 0x000001edb209ee88]
Event: 8.207 Thread 0x000001edc4563100 5331       3       org.eclipse.jdt.internal.core.search.indexing.BinaryIndexer::decodeReturnType (407 bytes)
Event: 8.208 Thread 0x000001edc4563100 nmethod 5331 0x000001edb21b4510 code [0x000001edb21b48a0, 0x000001edb21b5a98]
Event: 8.229 Thread 0x000001edd51ee5d0 5332       4       org.eclipse.jdt.internal.compiler.classfmt.FieldInfo::createField (453 bytes)
Event: 8.248 Thread 0x000001edd51ee5d0 nmethod 5332 0x000001edb958ef90 code [0x000001edb958f160, 0x000001edb958ff88]
Event: 8.258 Thread 0x000001edd51ee5d0 5334   !   4       java.nio.ByteBuffer::wrap (21 bytes)
Event: 8.258 Thread 0x000001edc4563100 5333       3       org.eclipse.jdt.internal.core.util.Util::indexOfJavaLikeExtension (112 bytes)
Event: 8.260 Thread 0x000001edc4563100 nmethod 5333 0x000001edb1f82810 code [0x000001edb1f82ac0, 0x000001edb1f83a08]
Event: 8.260 Thread 0x000001edc4563100 5337       3       jdk.internal.jrtfs.JrtFileSystem::getPath (102 bytes)
Event: 8.261 Thread 0x000001edc4563100 nmethod 5337 0x000001edb1fc0110 code [0x000001edb1fc03c0, 0x000001edb1fc1038]
Event: 8.261 Thread 0x000001edc4563100 5336       3       jdk.internal.jrtfs.JrtFileSystem::getPath (7 bytes)
Event: 8.261 Thread 0x000001edc4563100 nmethod 5336 0x000001edb1f75c10 code [0x000001edb1f75da0, 0x000001edb1f75ee8]
Event: 8.261 Thread 0x000001edd51ee5d0 nmethod 5334 0x000001edb94de590 code [0x000001edb94de720, 0x000001edb94de938]
Event: 8.261 Thread 0x000001edd51ee5d0 5335       4       java.nio.HeapByteBuffer::<init> (23 bytes)
Event: 8.263 Thread 0x000001edd51ee5d0 nmethod 5335 0x000001edb95c4910 code [0x000001edb95c4aa0, 0x000001edb95c4c58]
Event: 8.307 Thread 0x000001edc4563100 5338   !   3       org.eclipse.jdt.core.Signature::getTypeParameters (309 bytes)
Event: 8.309 Thread 0x000001edc4563100 nmethod 5338 0x000001edb20c6a10 code [0x000001edb20c6d40, 0x000001edb20c8208]
Event: 8.432 Thread 0x000001edd51ee5d0 5339   !   4       java.util.concurrent.ConcurrentHashMap::computeIfAbsent (578 bytes)

GC Heap History (20 events):
Event: 3.919 GC heap before
{Heap before GC invocations=15 (full 2):
 PSYoungGen      total 24064K, used 24032K [0x00000000eab00000, 0x00000000eca80000, 0x0000000100000000)
  eden space 21504K, 100% used [0x00000000eab00000,0x00000000ec000000,0x00000000ec000000)
  from space 2560K, 98% used [0x00000000ec500000,0x00000000ec778010,0x00000000ec780000)
  to   space 5120K, 0% used [0x00000000ec000000,0x00000000ec000000,0x00000000ec500000)
 ParOldGen       total 68608K, used 23625K [0x00000000c0000000, 0x00000000c4300000, 0x00000000eab00000)
  object space 68608K, 34% used [0x00000000c0000000,0x00000000c17124c8,0x00000000c4300000)
 Metaspace       used 40547K, committed 41216K, reserved 1089536K
  class space    used 4383K, committed 4672K, reserved 1048576K
}
Event: 3.923 GC heap after
{Heap after GC invocations=15 (full 2):
 PSYoungGen      total 24064K, used 2400K [0x00000000eab00000, 0x00000000ec700000, 0x0000000100000000)
  eden space 21504K, 0% used [0x00000000eab00000,0x00000000eab00000,0x00000000ec000000)
  from space 2560K, 93% used [0x00000000ec000000,0x00000000ec258000,0x00000000ec280000)
  to   space 3584K, 0% used [0x00000000ec380000,0x00000000ec380000,0x00000000ec700000)
 ParOldGen       total 68608K, used 26121K [0x00000000c0000000, 0x00000000c4300000, 0x00000000eab00000)
  object space 68608K, 38% used [0x00000000c0000000,0x00000000c19824d8,0x00000000c4300000)
 Metaspace       used 40547K, committed 41216K, reserved 1089536K
  class space    used 4383K, committed 4672K, reserved 1048576K
}
Event: 4.833 GC heap before
{Heap before GC invocations=16 (full 2):
 PSYoungGen      total 24064K, used 23900K [0x00000000eab00000, 0x00000000ec700000, 0x0000000100000000)
  eden space 21504K, 99% used [0x00000000eab00000,0x00000000ebfff060,0x00000000ec000000)
  from space 2560K, 93% used [0x00000000ec000000,0x00000000ec258000,0x00000000ec280000)
  to   space 3584K, 0% used [0x00000000ec380000,0x00000000ec380000,0x00000000ec700000)
 ParOldGen       total 68608K, used 26121K [0x00000000c0000000, 0x00000000c4300000, 0x00000000eab00000)
  object space 68608K, 38% used [0x00000000c0000000,0x00000000c19824d8,0x00000000c4300000)
 Metaspace       used 46194K, committed 46912K, reserved 1097728K
  class space    used 5031K, committed 5312K, reserved 1048576K
}
Event: 4.837 GC heap after
{Heap after GC invocations=16 (full 2):
 PSYoungGen      total 24064K, used 2311K [0x00000000eab00000, 0x00000000ec600000, 0x0000000100000000)
  eden space 21504K, 0% used [0x00000000eab00000,0x00000000eab00000,0x00000000ec000000)
  from space 2560K, 90% used [0x00000000ec380000,0x00000000ec5c1c48,0x00000000ec600000)
  to   space 2560K, 0% used [0x00000000ec000000,0x00000000ec000000,0x00000000ec280000)
 ParOldGen       total 68608K, used 28366K [0x00000000c0000000, 0x00000000c4300000, 0x00000000eab00000)
  object space 68608K, 41% used [0x00000000c0000000,0x00000000c1bb3830,0x00000000c4300000)
 Metaspace       used 46194K, committed 46912K, reserved 1097728K
  class space    used 5031K, committed 5312K, reserved 1048576K
}
Event: 5.172 GC heap before
{Heap before GC invocations=17 (full 2):
 PSYoungGen      total 24064K, used 23815K [0x00000000eab00000, 0x00000000ec600000, 0x0000000100000000)
  eden space 21504K, 100% used [0x00000000eab00000,0x00000000ec000000,0x00000000ec000000)
  from space 2560K, 90% used [0x00000000ec380000,0x00000000ec5c1c48,0x00000000ec600000)
  to   space 2560K, 0% used [0x00000000ec000000,0x00000000ec000000,0x00000000ec280000)
 ParOldGen       total 68608K, used 28366K [0x00000000c0000000, 0x00000000c4300000, 0x00000000eab00000)
  object space 68608K, 41% used [0x00000000c0000000,0x00000000c1bb3830,0x00000000c4300000)
 Metaspace       used 47344K, committed 48064K, reserved 1097728K
  class space    used 5159K, committed 5440K, reserved 1048576K
}
Event: 5.175 GC heap after
{Heap after GC invocations=17 (full 2):
 PSYoungGen      total 23040K, used 1280K [0x00000000eab00000, 0x00000000ec400000, 0x0000000100000000)
  eden space 21504K, 0% used [0x00000000eab00000,0x00000000eab00000,0x00000000ec000000)
  from space 1536K, 83% used [0x00000000ec000000,0x00000000ec140000,0x00000000ec180000)
  to   space 2048K, 0% used [0x00000000ec200000,0x00000000ec200000,0x00000000ec400000)
 ParOldGen       total 68608K, used 30504K [0x00000000c0000000, 0x00000000c4300000, 0x00000000eab00000)
  object space 68608K, 44% used [0x00000000c0000000,0x00000000c1dca108,0x00000000c4300000)
 Metaspace       used 47344K, committed 48064K, reserved 1097728K
  class space    used 5159K, committed 5440K, reserved 1048576K
}
Event: 5.426 GC heap before
{Heap before GC invocations=18 (full 2):
 PSYoungGen      total 23040K, used 22784K [0x00000000eab00000, 0x00000000ec400000, 0x0000000100000000)
  eden space 21504K, 100% used [0x00000000eab00000,0x00000000ec000000,0x00000000ec000000)
  from space 1536K, 83% used [0x00000000ec000000,0x00000000ec140000,0x00000000ec180000)
  to   space 2048K, 0% used [0x00000000ec200000,0x00000000ec200000,0x00000000ec400000)
 ParOldGen       total 68608K, used 30504K [0x00000000c0000000, 0x00000000c4300000, 0x00000000eab00000)
  object space 68608K, 44% used [0x00000000c0000000,0x00000000c1dca108,0x00000000c4300000)
 Metaspace       used 48800K, committed 49600K, reserved 1097728K
  class space    used 5318K, committed 5632K, reserved 1048576K
}
Event: 5.428 GC heap after
{Heap after GC invocations=18 (full 2):
 PSYoungGen      total 21504K, used 2032K [0x00000000eab00000, 0x00000000ec800000, 0x0000000100000000)
  eden space 19456K, 0% used [0x00000000eab00000,0x00000000eab00000,0x00000000ebe00000)
  from space 2048K, 99% used [0x00000000ec200000,0x00000000ec3fc288,0x00000000ec400000)
  to   space 4096K, 0% used [0x00000000ebe00000,0x00000000ebe00000,0x00000000ec200000)
 ParOldGen       total 68608K, used 31824K [0x00000000c0000000, 0x00000000c4300000, 0x00000000eab00000)
  object space 68608K, 46% used [0x00000000c0000000,0x00000000c1f14108,0x00000000c4300000)
 Metaspace       used 48800K, committed 49600K, reserved 1097728K
  class space    used 5318K, committed 5632K, reserved 1048576K
}
Event: 5.682 GC heap before
{Heap before GC invocations=19 (full 2):
 PSYoungGen      total 21504K, used 21488K [0x00000000eab00000, 0x00000000ec800000, 0x0000000100000000)
  eden space 19456K, 100% used [0x00000000eab00000,0x00000000ebe00000,0x00000000ebe00000)
  from space 2048K, 99% used [0x00000000ec200000,0x00000000ec3fc288,0x00000000ec400000)
  to   space 4096K, 0% used [0x00000000ebe00000,0x00000000ebe00000,0x00000000ec200000)
 ParOldGen       total 68608K, used 31824K [0x00000000c0000000, 0x00000000c4300000, 0x00000000eab00000)
  object space 68608K, 46% used [0x00000000c0000000,0x00000000c1f14108,0x00000000c4300000)
 Metaspace       used 50308K, committed 51072K, reserved 1097728K
  class space    used 5509K, committed 5824K, reserved 1048576K
}
Event: 5.685 GC heap after
{Heap after GC invocations=19 (full 2):
 PSYoungGen      total 22528K, used 2580K [0x00000000eab00000, 0x00000000ec400000, 0x0000000100000000)
  eden space 19456K, 0% used [0x00000000eab00000,0x00000000eab00000,0x00000000ebe00000)
  from space 3072K, 83% used [0x00000000ebe00000,0x00000000ec085040,0x00000000ec100000)
  to   space 3072K, 0% used [0x00000000ec100000,0x00000000ec100000,0x00000000ec400000)
 ParOldGen       total 68608K, used 33700K [0x00000000c0000000, 0x00000000c4300000, 0x00000000eab00000)
  object space 68608K, 49% used [0x00000000c0000000,0x00000000c20e91b0,0x00000000c4300000)
 Metaspace       used 50308K, committed 51072K, reserved 1097728K
  class space    used 5509K, committed 5824K, reserved 1048576K
}
Event: 5.809 GC heap before
{Heap before GC invocations=20 (full 2):
 PSYoungGen      total 22528K, used 22036K [0x00000000eab00000, 0x00000000ec400000, 0x0000000100000000)
  eden space 19456K, 100% used [0x00000000eab00000,0x00000000ebe00000,0x00000000ebe00000)
  from space 3072K, 83% used [0x00000000ebe00000,0x00000000ec085040,0x00000000ec100000)
  to   space 3072K, 0% used [0x00000000ec100000,0x00000000ec100000,0x00000000ec400000)
 ParOldGen       total 68608K, used 33700K [0x00000000c0000000, 0x00000000c4300000, 0x00000000eab00000)
  object space 68608K, 49% used [0x00000000c0000000,0x00000000c20e91b0,0x00000000c4300000)
 Metaspace       used 50742K, committed 51456K, reserved 1097728K
  class space    used 5528K, committed 5824K, reserved 1048576K
}
Event: 5.816 GC heap after
{Heap after GC invocations=20 (full 2):
 PSYoungGen      total 20480K, used 736K [0x00000000eab00000, 0x00000000ec200000, 0x0000000100000000)
  eden space 19456K, 0% used [0x00000000eab00000,0x00000000eab00000,0x00000000ebe00000)
  from space 1024K, 71% used [0x00000000ec100000,0x00000000ec1b8000,0x00000000ec200000)
  to   space 1536K, 0% used [0x00000000ebf00000,0x00000000ebf00000,0x00000000ec080000)
 ParOldGen       total 68608K, used 36089K [0x00000000c0000000, 0x00000000c4300000, 0x00000000eab00000)
  object space 68608K, 52% used [0x00000000c0000000,0x00000000c233e758,0x00000000c4300000)
 Metaspace       used 50742K, committed 51456K, reserved 1097728K
  class space    used 5528K, committed 5824K, reserved 1048576K
}
Event: 5.965 GC heap before
{Heap before GC invocations=21 (full 2):
 PSYoungGen      total 20480K, used 20192K [0x00000000eab00000, 0x00000000ec200000, 0x0000000100000000)
  eden space 19456K, 100% used [0x00000000eab00000,0x00000000ebe00000,0x00000000ebe00000)
  from space 1024K, 71% used [0x00000000ec100000,0x00000000ec1b8000,0x00000000ec200000)
  to   space 1536K, 0% used [0x00000000ebf00000,0x00000000ebf00000,0x00000000ec080000)
 ParOldGen       total 68608K, used 36089K [0x00000000c0000000, 0x00000000c4300000, 0x00000000eab00000)
  object space 68608K, 52% used [0x00000000c0000000,0x00000000c233e758,0x00000000c4300000)
 Metaspace       used 50975K, committed 51776K, reserved 1097728K
  class space    used 5552K, committed 5888K, reserved 1048576K
}
Event: 5.967 GC heap after
{Heap after GC invocations=21 (full 2):
 PSYoungGen      total 20992K, used 1469K [0x00000000eab00000, 0x00000000ec200000, 0x0000000100000000)
  eden space 19456K, 0% used [0x00000000eab00000,0x00000000eab00000,0x00000000ebe00000)
  from space 1536K, 95% used [0x00000000ebf00000,0x00000000ec06f650,0x00000000ec080000)
  to   space 1536K, 0% used [0x00000000ec080000,0x00000000ec080000,0x00000000ec200000)
 ParOldGen       total 68608K, used 36593K [0x00000000c0000000, 0x00000000c4300000, 0x00000000eab00000)
  object space 68608K, 53% used [0x00000000c0000000,0x00000000c23bc730,0x00000000c4300000)
 Metaspace       used 50975K, committed 51776K, reserved 1097728K
  class space    used 5552K, committed 5888K, reserved 1048576K
}
Event: 6.410 GC heap before
{Heap before GC invocations=22 (full 2):
 PSYoungGen      total 20992K, used 20925K [0x00000000eab00000, 0x00000000ec200000, 0x0000000100000000)
  eden space 19456K, 100% used [0x00000000eab00000,0x00000000ebe00000,0x00000000ebe00000)
  from space 1536K, 95% used [0x00000000ebf00000,0x00000000ec06f650,0x00000000ec080000)
  to   space 1536K, 0% used [0x00000000ec080000,0x00000000ec080000,0x00000000ec200000)
 ParOldGen       total 68608K, used 36593K [0x00000000c0000000, 0x00000000c4300000, 0x00000000eab00000)
  object space 68608K, 53% used [0x00000000c0000000,0x00000000c23bc730,0x00000000c4300000)
 Metaspace       used 52567K, committed 53376K, reserved 1097728K
  class space    used 5698K, committed 6016K, reserved 1048576K
}
Event: 6.413 GC heap after
{Heap after GC invocations=22 (full 2):
 PSYoungGen      total 18944K, used 1508K [0x00000000eab00000, 0x00000000ec700000, 0x0000000100000000)
  eden space 17408K, 0% used [0x00000000eab00000,0x00000000eab00000,0x00000000ebc00000)
  from space 1536K, 98% used [0x00000000ec080000,0x00000000ec1f9310,0x00000000ec200000)
  to   space 4608K, 0% used [0x00000000ebc00000,0x00000000ebc00000,0x00000000ec080000)
 ParOldGen       total 68608K, used 38781K [0x00000000c0000000, 0x00000000c4300000, 0x00000000eab00000)
  object space 68608K, 56% used [0x00000000c0000000,0x00000000c25df748,0x00000000c4300000)
 Metaspace       used 52567K, committed 53376K, reserved 1097728K
  class space    used 5698K, committed 6016K, reserved 1048576K
}
Event: 7.625 GC heap before
{Heap before GC invocations=23 (full 2):
 PSYoungGen      total 18944K, used 18910K [0x00000000eab00000, 0x00000000ec700000, 0x0000000100000000)
  eden space 17408K, 99% used [0x00000000eab00000,0x00000000ebbfe578,0x00000000ebc00000)
  from space 1536K, 98% used [0x00000000ec080000,0x00000000ec1f9310,0x00000000ec200000)
  to   space 4608K, 0% used [0x00000000ebc00000,0x00000000ebc00000,0x00000000ec080000)
 ParOldGen       total 68608K, used 38781K [0x00000000c0000000, 0x00000000c4300000, 0x00000000eab00000)
  object space 68608K, 56% used [0x00000000c0000000,0x00000000c25df748,0x00000000c4300000)
 Metaspace       used 53123K, committed 53952K, reserved 1097728K
  class space    used 5780K, committed 6144K, reserved 1048576K
}
Event: 7.627 GC heap after
{Heap after GC invocations=23 (full 2):
 PSYoungGen      total 22016K, used 4022K [0x00000000eab00000, 0x00000000ec500000, 0x0000000100000000)
  eden space 17408K, 0% used [0x00000000eab00000,0x00000000eab00000,0x00000000ebc00000)
  from space 4608K, 87% used [0x00000000ebc00000,0x00000000ebfed960,0x00000000ec080000)
  to   space 4608K, 0% used [0x00000000ec080000,0x00000000ec080000,0x00000000ec500000)
 ParOldGen       total 68608K, used 40321K [0x00000000c0000000, 0x00000000c4300000, 0x00000000eab00000)
  object space 68608K, 58% used [0x00000000c0000000,0x00000000c2760568,0x00000000c4300000)
 Metaspace       used 53123K, committed 53952K, reserved 1097728K
  class space    used 5780K, committed 6144K, reserved 1048576K
}
Event: 8.102 GC heap before
{Heap before GC invocations=24 (full 2):
 PSYoungGen      total 22016K, used 21430K [0x00000000eab00000, 0x00000000ec500000, 0x0000000100000000)
  eden space 17408K, 100% used [0x00000000eab00000,0x00000000ebc00000,0x00000000ebc00000)
  from space 4608K, 87% used [0x00000000ebc00000,0x00000000ebfed960,0x00000000ec080000)
  to   space 4608K, 0% used [0x00000000ec080000,0x00000000ec080000,0x00000000ec500000)
 ParOldGen       total 68608K, used 40321K [0x00000000c0000000, 0x00000000c4300000, 0x00000000eab00000)
  object space 68608K, 58% used [0x00000000c0000000,0x00000000c2760568,0x00000000c4300000)
 Metaspace       used 53123K, committed 53952K, reserved 1097728K
  class space    used 5780K, committed 6144K, reserved 1048576K
}
Event: 8.106 GC heap after
{Heap after GC invocations=24 (full 2):
 PSYoungGen      total 21504K, used 3876K [0x00000000eab00000, 0x00000000ec480000, 0x0000000100000000)
  eden space 17408K, 0% used [0x00000000eab00000,0x00000000eab00000,0x00000000ebc00000)
  from space 4096K, 94% used [0x00000000ec080000,0x00000000ec449218,0x00000000ec480000)
  to   space 4096K, 0% used [0x00000000ebc80000,0x00000000ebc80000,0x00000000ec080000)
 ParOldGen       total 68608K, used 44238K [0x00000000c0000000, 0x00000000c4300000, 0x00000000eab00000)
  object space 68608K, 64% used [0x00000000c0000000,0x00000000c2b33b60,0x00000000c4300000)
 Metaspace       used 53123K, committed 53952K, reserved 1097728K
  class space    used 5780K, committed 6144K, reserved 1048576K
}

Deoptimization events (20 events):
Event: 7.866 Thread 0x000001edc5a05500 DEOPT PACKING pc=0x000001edb202528b sp=0x000000e2c95fea60
Event: 7.866 Thread 0x000001edc5a05500 DEOPT UNPACKING pc=0x000001edb1a12843 sp=0x000000e2c95fdfc0 mode 0
Event: 7.901 Thread 0x000001edc5a05500 DEOPT PACKING pc=0x000001edb202528b sp=0x000000e2c95fea60
Event: 7.901 Thread 0x000001edc5a05500 DEOPT UNPACKING pc=0x000001edb1a12843 sp=0x000000e2c95fdfc0 mode 0
Event: 7.998 Thread 0x000001edc5a05500 Uncommon trap: trap_request=0xffffffd6 fr.pc=0x000001edb96b3534 relative=0x0000000000000df4
Event: 7.998 Thread 0x000001edc5a05500 Uncommon trap: reason=array_check action=maybe_recompile pc=0x000001edb96b3534 method=java.util.TimSort.binarySort([Ljava/lang/Object;IIILjava/util/Comparator;)V @ 215 c2
Event: 7.998 Thread 0x000001edc5a05500 DEOPT PACKING pc=0x000001edb96b3534 sp=0x000000e2c95fe630
Event: 7.998 Thread 0x000001edc5a05500 DEOPT UNPACKING pc=0x000001edb1a120a3 sp=0x000000e2c95fe520 mode 2
Event: 8.036 Thread 0x000001edc5a05500 Uncommon trap: trap_request=0xffffffd6 fr.pc=0x000001edb96b392c relative=0x00000000000011ec
Event: 8.036 Thread 0x000001edc5a05500 Uncommon trap: reason=array_check action=maybe_recompile pc=0x000001edb96b392c method=java.util.TimSort.binarySort([Ljava/lang/Object;IIILjava/util/Comparator;)V @ 183 c2
Event: 8.036 Thread 0x000001edc5a05500 DEOPT PACKING pc=0x000001edb96b392c sp=0x000000e2c95fe630
Event: 8.036 Thread 0x000001edc5a05500 DEOPT UNPACKING pc=0x000001edb1a120a3 sp=0x000000e2c95fe520 mode 2
Event: 8.114 Thread 0x000001edc5a05500 Uncommon trap: trap_request=0xffffffd6 fr.pc=0x000001edb96b3534 relative=0x0000000000000df4
Event: 8.114 Thread 0x000001edc5a05500 Uncommon trap: reason=array_check action=maybe_recompile pc=0x000001edb96b3534 method=java.util.TimSort.binarySort([Ljava/lang/Object;IIILjava/util/Comparator;)V @ 215 c2
Event: 8.114 Thread 0x000001edc5a05500 DEOPT PACKING pc=0x000001edb96b3534 sp=0x000000e2c95fe630
Event: 8.114 Thread 0x000001edc5a05500 DEOPT UNPACKING pc=0x000001edb1a120a3 sp=0x000000e2c95fe520 mode 2
Event: 8.206 Thread 0x000001edc5a05500 Uncommon trap: trap_request=0xffffff45 fr.pc=0x000001edb963c0f8 relative=0x0000000000001158
Event: 8.206 Thread 0x000001edc5a05500 Uncommon trap: reason=unstable_if action=reinterpret pc=0x000001edb963c0f8 method=org.eclipse.jdt.internal.core.search.indexing.BinaryIndexer.decodeReturnType([C)[C @ 199 c2
Event: 8.206 Thread 0x000001edc5a05500 DEOPT PACKING pc=0x000001edb963c0f8 sp=0x000000e2c95feb40
Event: 8.206 Thread 0x000001edc5a05500 DEOPT UNPACKING pc=0x000001edb1a120a3 sp=0x000000e2c95feb08 mode 2

Classes unloaded (0 events):
No events

Classes redefined (0 events):
No events

Internal exceptions (20 events):
Event: 5.404 Thread 0x000001edc5a059d0 Exception <a 'sun/nio/fs/WindowsException'{0x00000000ebe5a230}> (0x00000000ebe5a230) 
thrown [e:\jenkins\tmp\workspace\build\src\src\hotspot\share\prims\jni.cpp, line 516]
Event: 5.404 Thread 0x000001edc5a059d0 Exception <a 'sun/nio/fs/WindowsException'{0x00000000ebe5a5f8}> (0x00000000ebe5a5f8) 
thrown [e:\jenkins\tmp\workspace\build\src\src\hotspot\share\prims\jni.cpp, line 516]
Event: 5.405 Thread 0x000001edc5a06d10 Exception <a 'sun/nio/fs/WindowsException'{0x00000000ebe1c0e8}> (0x00000000ebe1c0e8) 
thrown [e:\jenkins\tmp\workspace\build\src\src\hotspot\share\prims\jni.cpp, line 516]
Event: 5.406 Thread 0x000001edc5a08ec0 Exception <a 'java/lang/NoClassDefFoundError'{0x00000000ebe7de60}: com/google/inject/servlet/ServletModuleTargetVisitor> (0x00000000ebe7de60) 
thrown [e:\jenkins\tmp\workspace\build\src\src\hotspot\share\classfile\systemDictionary.cpp, line 245]
Event: 5.406 Thread 0x000001edc5a08ec0 Exception <a 'java/lang/NoClassDefFoundError'{0x00000000ebe80780}: javax/annotation/Priority> (0x00000000ebe80780) 
thrown [e:\jenkins\tmp\workspace\build\src\src\hotspot\share\classfile\systemDictionary.cpp, line 245]
Event: 5.407 Thread 0x000001edc5a06d10 Exception <a 'sun/nio/fs/WindowsException'{0x00000000ebe20398}> (0x00000000ebe20398) 
thrown [e:\jenkins\tmp\workspace\build\src\src\hotspot\share\prims\jni.cpp, line 516]
Event: 5.457 Thread 0x000001edc5a06d10 Exception <a 'java/lang/NoSuchMethodError'{0x00000000eadb3048}: 'int java.lang.invoke.DirectMethodHandle$Holder.invokeVirtual(java.lang.Object, java.lang.Object)'> (0x00000000eadb3048) 
thrown [e:\jenkins\tmp\workspace\build\src\src\hotspot\share\interpreter\linkResolver.cpp, line 766]
Event: 5.476 Thread 0x000001edc5a06d10 Exception <a 'java/lang/NoSuchMethodError'{0x00000000eaf312f8}: 'int java.lang.invoke.DirectMethodHandle$Holder.invokeVirtual(java.lang.Object, java.lang.Object, java.lang.Object)'> (0x00000000eaf312f8) 
thrown [e:\jenkins\tmp\workspace\build\src\src\hotspot\share\interpreter\linkResolver.cpp, line 766]
Event: 5.509 Thread 0x000001edc5a05500 Implicit null exception at 0x000001edb96dcec0 to 0x000001edb96dd108
Event: 5.620 Thread 0x000001edc5a059d0 Exception <a 'java/lang/NoSuchMethodError'{0x00000000eaf8fad0}: 'java.lang.Object java.lang.invoke.DirectMethodHandle$Holder.invokeStatic(java.lang.Object, java.lang.Object, java.lang.Object, long)'> (0x00000000eaf8fad0) 
thrown [e:\jenkins\tmp\workspace\build\src\src\hotspot\share\interpreter\linkResolver.cpp, line 766]
Event: 5.622 Thread 0x000001edc5a059d0 Exception <a 'java/lang/NoSuchMethodError'{0x00000000eb4bafb0}: 'java.lang.Object java.lang.invoke.DirectMethodHandle$Holder.newInvokeSpecial(java.lang.Object, java.lang.Object, java.lang.Object, long)'> (0x00000000eb4bafb0) 
thrown [e:\jenkins\tmp\workspace\build\src\src\hotspot\share\interpreter\linkResolver.cpp, line 766]
Event: 5.622 Thread 0x000001edc5a059d0 Exception <a 'java/lang/NoSuchMethodError'{0x00000000eb4c76e0}: 'java.lang.Object java.lang.invoke.DirectMethodHandle$Holder.invokeSpecial(java.lang.Object, java.lang.Object, java.lang.Object, java.lang.Object, long)'> (0x00000000eb4c76e0) 
thrown [e:\jenkins\tmp\workspace\build\src\src\hotspot\share\interpreter\linkResolver.cpp, line 766]
Event: 5.623 Thread 0x000001edc5a059d0 Exception <a 'java/lang/NoSuchMethodError'{0x00000000eb4cb008}: 'java.lang.Object java.lang.invoke.Invokers$Holder.linkToTargetMethod(java.lang.Object, java.lang.Object, long, java.lang.Object)'> (0x00000000eb4cb008) 
thrown [e:\jenkins\tmp\workspace\build\src\src\hotspot\share\interpreter\linkResolver.cpp, line 766]
Event: 5.624 Thread 0x000001edc5a059d0 Implicit null exception at 0x000001edb94b0d0f to 0x000001edb94b0d89
Event: 5.859 Thread 0x000001edd5413f10 Exception <a 'java/lang/NoSuchMethodError'{0x00000000eb089830}: 'int java.lang.invoke.DirectMethodHandle$Holder.invokeSpecial(java.lang.Object, java.lang.Object, java.lang.Object)'> (0x00000000eb089830) 
thrown [e:\jenkins\tmp\workspace\build\src\src\hotspot\share\interpreter\linkResolver.cpp, line 766]
Event: 6.124 Thread 0x000001edc5a08520 Exception <a 'java/lang/NoSuchMethodError'{0x00000000eb8a8470}: 'java.lang.Object java.lang.invoke.DirectMethodHandle$Holder.newInvokeSpecial(java.lang.Object, java.lang.Object, java.lang.Object, int, java.lang.Object)'> (0x00000000eb8a8470) 
thrown [e:\jenkins\tmp\workspace\build\src\src\hotspot\share\interpreter\linkResolver.cpp, line 766]
Event: 6.125 Thread 0x000001edc5a08520 Exception <a 'java/lang/NoSuchMethodError'{0x00000000eb8b53a8}: 'java.lang.Object java.lang.invoke.DirectMethodHandle$Holder.invokeSpecial(java.lang.Object, java.lang.Object, java.lang.Object, java.lang.Object, int, java.lang.Object)'> (0x00000000eb8b53a8) 
thrown [e:\jenkins\tmp\workspace\build\src\src\hotspot\share\interpreter\linkResolver.cpp, line 766]
Event: 6.125 Thread 0x000001edc5a08520 Exception <a 'java/lang/NoSuchMethodError'{0x00000000eb8b8be8}: 'java.lang.Object java.lang.invoke.Invokers$Holder.linkToTargetMethod(java.lang.Object, java.lang.Object, int, java.lang.Object, java.lang.Object)'> (0x00000000eb8b8be8) 
thrown [e:\jenkins\tmp\workspace\build\src\src\hotspot\share\interpreter\linkResolver.cpp, line 766]
Event: 6.774 Thread 0x000001edd5413f10 Exception <a 'java/lang/NoSuchMethodError'{0x00000000eaea9c70}: 'int java.lang.invoke.DirectMethodHandle$Holder.invokeSpecialIFC(java.lang.Object, java.lang.Object, java.lang.Object, java.lang.Object)'> (0x00000000eaea9c70) 
thrown [e:\jenkins\tmp\workspace\build\src\src\hotspot\share\interpreter\linkResolver.cpp, line 766]
Event: 6.912 Thread 0x000001edc5a05500 Implicit null exception at 0x000001edb96c6aac to 0x000001edb96c6bc4

VM Operations (20 events):
Event: 5.900 Executing VM operation: ParallelGCFailedAllocation
Event: 5.967 Executing VM operation: ParallelGCFailedAllocation done
Event: 6.318 Executing VM operation: HandshakeAllThreads
Event: 6.318 Executing VM operation: HandshakeAllThreads done
Event: 6.410 Executing VM operation: ParallelGCFailedAllocation
Event: 6.413 Executing VM operation: ParallelGCFailedAllocation done
Event: 6.651 Executing VM operation: HandshakeAllThreads
Event: 6.654 Executing VM operation: HandshakeAllThreads done
Event: 6.655 Executing VM operation: HandshakeAllThreads
Event: 6.671 Executing VM operation: HandshakeAllThreads done
Event: 6.942 Executing VM operation: HandshakeAllThreads
Event: 6.955 Executing VM operation: HandshakeAllThreads done
Event: 7.039 Executing VM operation: HandshakeAllThreads
Event: 7.039 Executing VM operation: HandshakeAllThreads done
Event: 7.063 Executing VM operation: HandshakeAllThreads
Event: 7.081 Executing VM operation: HandshakeAllThreads done
Event: 7.624 Executing VM operation: ParallelGCFailedAllocation
Event: 7.627 Executing VM operation: ParallelGCFailedAllocation done
Event: 8.102 Executing VM operation: ParallelGCFailedAllocation
Event: 8.106 Executing VM operation: ParallelGCFailedAllocation done

Events (20 events):
Event: 7.088 Thread 0x000001edc4587b10 flushing nmethod 0x000001edb2872e10
Event: 7.088 Thread 0x000001edc4587b10 flushing nmethod 0x000001edb2876e10
Event: 7.088 Thread 0x000001edc4587b10 flushing nmethod 0x000001edb287e290
Event: 7.088 Thread 0x000001edc4587b10 flushing nmethod 0x000001edb2887d90
Event: 7.088 Thread 0x000001edc4587b10 flushing nmethod 0x000001edb289f910
Event: 7.088 Thread 0x000001edc4587b10 flushing nmethod 0x000001edb28a0b90
Event: 7.088 Thread 0x000001edc4587b10 flushing nmethod 0x000001edb28a1410
Event: 7.088 Thread 0x000001edc4587b10 flushing nmethod 0x000001edb28a1e90
Event: 7.088 Thread 0x000001edc4587b10 flushing nmethod 0x000001edb28a2410
Event: 7.088 Thread 0x000001edc4587b10 flushing nmethod 0x000001edb28a2c90
Event: 7.088 Thread 0x000001edc4587b10 flushing nmethod 0x000001edb28a5a10
Event: 7.088 Thread 0x000001edc4587b10 flushing nmethod 0x000001edb28a7d10
Event: 7.088 Thread 0x000001edc4587b10 flushing nmethod 0x000001edb28c4c10
Event: 7.088 Thread 0x000001edc4587b10 flushing nmethod 0x000001edb28e2b10
Event: 7.088 Thread 0x000001edc4587b10 flushing nmethod 0x000001edb28f8790
Event: 7.088 Thread 0x000001edc4587b10 flushing nmethod 0x000001edb2917a10
Event: 7.089 Thread 0x000001edc4587b10 flushing nmethod 0x000001edb2933d10
Event: 7.089 Thread 0x000001edc4587b10 flushing nmethod 0x000001edb293d110
Event: 7.089 Thread 0x000001edc4587b10 flushing nmethod 0x000001edb2945e90
Event: 7.089 Thread 0x000001edc4587b10 flushing nmethod 0x000001edb2960110


Dynamic libraries:
0x00007ff6a0850000 - 0x00007ff6a085e000 	c:\Users\welli\.vscode\extensions\redhat.java-1.3.0\jre\17.0.1-win32-x86_64\bin\java.exe
0x00007ffb21a00000 - 0x00007ffb21c09000 	C:\WINDOWS\SYSTEM32\ntdll.dll
0x00007ffb1f8f0000 - 0x00007ffb1f9ad000 	C:\WINDOWS\System32\KERNEL32.DLL
0x00007ffb1f040000 - 0x00007ffb1f3b4000 	C:\WINDOWS\System32\KERNELBASE.dll
0x00007ffb17b10000 - 0x00007ffb17ba1000 	C:\WINDOWS\SYSTEM32\apphelp.dll
0x00007ffb1f3c0000 - 0x00007ffb1f4d1000 	C:\WINDOWS\System32\ucrtbase.dll
0x00007ffaeb020000 - 0x00007ffaeb038000 	c:\Users\welli\.vscode\extensions\redhat.java-1.3.0\jre\17.0.1-win32-x86_64\bin\jli.dll
0x00007ffaec010000 - 0x00007ffaec029000 	c:\Users\welli\.vscode\extensions\redhat.java-1.3.0\jre\17.0.1-win32-x86_64\bin\VCRUNTIME140.dll
0x00007ffb217e0000 - 0x00007ffb2198c000 	C:\WINDOWS\System32\USER32.dll
0x00007ffb1f010000 - 0x00007ffb1f036000 	C:\WINDOWS\System32\win32u.dll
0x00007ffb1c290000 - 0x00007ffb1c535000 	C:\WINDOWS\WinSxS\amd64_microsoft.windows.common-controls_6595b64144ccf1df_6.0.22000.120_none_9d947278b86cc467\COMCTL32.dll
0x00007ffb1f8c0000 - 0x00007ffb1f8e9000 	C:\WINDOWS\System32\GDI32.dll
0x00007ffb1fb50000 - 0x00007ffb1fbf3000 	C:\WINDOWS\System32\msvcrt.dll
0x00007ffb1eef0000 - 0x00007ffb1f002000 	C:\WINDOWS\System32\gdi32full.dll
0x00007ffb1f710000 - 0x00007ffb1f7ad000 	C:\WINDOWS\System32\msvcp_win.dll
0x00007ffb1ff00000 - 0x00007ffb1ff31000 	C:\WINDOWS\System32\IMM32.DLL
0x00007ffb06e50000 - 0x00007ffb06e5c000 	c:\Users\welli\.vscode\extensions\redhat.java-1.3.0\jre\17.0.1-win32-x86_64\bin\vcruntime140_1.dll
0x00007ffad3df0000 - 0x00007ffad3e81000 	c:\Users\welli\.vscode\extensions\redhat.java-1.3.0\jre\17.0.1-win32-x86_64\bin\msvcp140.dll
0x00007ffa7a170000 - 0x00007ffa7adb6000 	c:\Users\welli\.vscode\extensions\redhat.java-1.3.0\jre\17.0.1-win32-x86_64\bin\server\jvm.dll
0x00007ffb200c0000 - 0x00007ffb2016e000 	C:\WINDOWS\System32\ADVAPI32.dll
0x00007ffb20f90000 - 0x00007ffb2102e000 	C:\WINDOWS\System32\sechost.dll
0x00007ffb1ff40000 - 0x00007ffb20060000 	C:\WINDOWS\System32\RPCRT4.dll
0x00007ffb20ae0000 - 0x00007ffb20ae8000 	C:\WINDOWS\System32\PSAPI.DLL
0x00007ffb03680000 - 0x00007ffb03689000 	C:\WINDOWS\SYSTEM32\WSOCK32.dll
0x00007ffb144c0000 - 0x00007ffb144f3000 	C:\WINDOWS\SYSTEM32\WINMM.dll
0x00007ffb16100000 - 0x00007ffb1610a000 	C:\WINDOWS\SYSTEM32\VERSION.dll
0x00007ffb1fdb0000 - 0x00007ffb1fe1f000 	C:\WINDOWS\System32\WS2_32.dll
0x00007ffb1df70000 - 0x00007ffb1df88000 	C:\WINDOWS\SYSTEM32\kernel.appcore.dll
0x00007ffaf3500000 - 0x00007ffaf350a000 	c:\Users\welli\.vscode\extensions\redhat.java-1.3.0\jre\17.0.1-win32-x86_64\bin\jimage.dll
0x00007ffb1cc00000 - 0x00007ffb1ce21000 	C:\WINDOWS\SYSTEM32\DBGHELP.DLL
0x00007ffb1c540000 - 0x00007ffb1c571000 	C:\WINDOWS\SYSTEM32\dbgcore.DLL
0x00007ffb1f820000 - 0x00007ffb1f89f000 	C:\WINDOWS\System32\bcryptPrimitives.dll
0x00007ffae85e0000 - 0x00007ffae8605000 	c:\Users\welli\.vscode\extensions\redhat.java-1.3.0\jre\17.0.1-win32-x86_64\bin\java.dll
0x00007ffae5de0000 - 0x00007ffae5df8000 	c:\Users\welli\.vscode\extensions\redhat.java-1.3.0\jre\17.0.1-win32-x86_64\bin\zip.dll
0x00007ffb21030000 - 0x00007ffb217de000 	C:\WINDOWS\System32\SHELL32.dll
0x00007ffb1cf30000 - 0x00007ffb1d797000 	C:\WINDOWS\SYSTEM32\windows.storage.dll
0x00007ffb20b50000 - 0x00007ffb20ec8000 	C:\WINDOWS\System32\combase.dll
0x00007ffb1ca90000 - 0x00007ffb1cbf6000 	C:\WINDOWS\SYSTEM32\wintypes.dll
0x00007ffb209f0000 - 0x00007ffb20ada000 	C:\WINDOWS\System32\SHCORE.dll
0x00007ffb20af0000 - 0x00007ffb20b4d000 	C:\WINDOWS\System32\shlwapi.dll
0x00007ffb1ee20000 - 0x00007ffb1ee41000 	C:\WINDOWS\SYSTEM32\profapi.dll
0x00007ffae4090000 - 0x00007ffae40a9000 	C:\Users\welli\.vscode\extensions\redhat.java-1.3.0\jre\17.0.1-win32-x86_64\bin\net.dll
0x00007ffb148a0000 - 0x00007ffb149ac000 	C:\WINDOWS\SYSTEM32\WINHTTP.dll
0x00007ffb1e3a0000 - 0x00007ffb1e407000 	C:\WINDOWS\system32\mswsock.dll
0x00007ffae4070000 - 0x00007ffae4085000 	C:\Users\welli\.vscode\extensions\redhat.java-1.3.0\jre\17.0.1-win32-x86_64\bin\nio.dll
0x00007ffb1eab0000 - 0x00007ffb1eac8000 	C:\WINDOWS\SYSTEM32\CRYPTSP.dll
0x00007ffb1ded0000 - 0x00007ffb1df05000 	C:\WINDOWS\system32\rsaenh.dll
0x00007ffb1e490000 - 0x00007ffb1e4b9000 	C:\WINDOWS\SYSTEM32\USERENV.dll
0x00007ffb1ea80000 - 0x00007ffb1eaa7000 	C:\WINDOWS\SYSTEM32\bcrypt.dll
0x00007ffb1e5e0000 - 0x00007ffb1e5ec000 	C:\WINDOWS\SYSTEM32\CRYPTBASE.dll
0x00007ffb1db30000 - 0x00007ffb1db5d000 	C:\WINDOWS\SYSTEM32\IPHLPAPI.DLL
0x00007ffb1fda0000 - 0x00007ffb1fda9000 	C:\WINDOWS\System32\NSI.dll
0x00007ffb13bc0000 - 0x00007ffb13bd9000 	C:\WINDOWS\SYSTEM32\dhcpcsvc6.DLL
0x00007ffb15890000 - 0x00007ffb158ae000 	C:\WINDOWS\SYSTEM32\dhcpcsvc.DLL
0x00007ffb1db60000 - 0x00007ffb1dc47000 	C:\WINDOWS\SYSTEM32\DNSAPI.dll
0x00007ffadc8d0000 - 0x00007ffadc90e000 	C:\Users\welli\AppData\Roaming\Code\User\globalStorage\redhat.java\1.3.0\config_win\org.eclipse.equinox.launcher\org.eclipse.equinox.launcher.win32.win32.x86_64_1.2.400.v20211117-0650\eclipse_11602.dll
0x00007ffb1f9b0000 - 0x00007ffb1fb4a000 	C:\WINDOWS\System32\ole32.dll
0x00007ffaf02a0000 - 0x00007ffaf02b0000 	c:\Users\welli\.vscode\extensions\redhat.java-1.3.0\jre\17.0.1-win32-x86_64\bin\verify.dll
0x00007ffb15cb0000 - 0x00007ffb15cc1000 	C:\Users\welli\AppData\Roaming\Code\User\globalStorage\redhat.java\1.3.0\config_win\org.eclipse.osgi\22\0\.cp\jWinHttp-1.0.0.dll

dbghelp: loaded successfully - version: 4.0.5 - missing functions: none
symbol engine: initialized successfully - sym options: 0x614 - pdb path: .;c:\Users\welli\.vscode\extensions\redhat.java-1.3.0\jre\17.0.1-win32-x86_64\bin;C:\WINDOWS\SYSTEM32;C:\WINDOWS\WinSxS\amd64_microsoft.windows.common-controls_6595b64144ccf1df_6.0.22000.120_none_9d947278b86cc467;c:\Users\welli\.vscode\extensions\redhat.java-1.3.0\jre\17.0.1-win32-x86_64\bin\server;C:\Users\welli\AppData\Roaming\Code\User\globalStorage\redhat.java\1.3.0\config_win\org.eclipse.equinox.launcher\org.eclipse.equinox.launcher.win32.win32.x86_64_1.2.400.v20211117-0650;C:\Users\welli\AppData\Roaming\Code\User\globalStorage\redhat.java\1.3.0\config_win\org.eclipse.osgi\22\0\.cp

VM Arguments:
jvm_args: --add-modules=ALL-SYSTEM --add-opens=java.base/java.util=ALL-UNNAMED --add-opens=java.base/java.lang=ALL-UNNAMED --add-opens=java.base/sun.nio.fs=ALL-UNNAMED -Declipse.application=org.eclipse.jdt.ls.core.id1 -Dosgi.bundles.defaultStartLevel=4 -Declipse.product=org.eclipse.jdt.ls.core.product -Djava.import.generatesMetadataFilesAtProjectRoot=false -Dfile.encoding=utf8 -DwatchParentProcess=false -XX:+UseParallelGC -XX:GCTimeRatio=4 -XX:AdaptiveSizePolicyWeight=90 -Dsun.zip.disableMemoryMapping=true -Xmx1G -Xms100m -XX:+HeapDumpOnOutOfMemoryError -XX:HeapDumpPath=c:\Users\welli\AppData\Roaming\Code\User\workspaceStorage\19ef204e6349fe1e0a102ed532032786\redhat.java 
java_command: c:\Users\welli\.vscode\extensions\redhat.java-1.3.0\server\plugins\org.eclipse.equinox.launcher_1.6.400.v20210924-0641.jar -configuration c:\Users\welli\AppData\Roaming\Code\User\globalStorage\redhat.java\1.3.0\config_win -data c:\Users\welli\AppData\Roaming\Code\User\workspaceStorage\19ef204e6349fe1e0a102ed532032786\redhat.java\jdt_ws
java_class_path (initial): c:\Users\welli\.vscode\extensions\redhat.java-1.3.0\server\plugins\org.eclipse.equinox.launcher_1.6.400.v20210924-0641.jar
Launcher Type: SUN_STANDARD

[Global flags]
    uintx AdaptiveSizePolicyWeight                 = 90                                        {product} {command line}
     intx CICompilerCount                          = 4                                         {product} {ergonomic}
    uintx GCTimeRatio                              = 4                                         {product} {command line}
     bool HeapDumpOnOutOfMemoryError               = true                                   {manageable} {command line}
    ccstr HeapDumpPath                             = c:\Users\welli\AppData\Roaming\Code\User\workspaceStorage\19ef204e6349fe1e0a102ed532032786\redhat.java         {manageable} {command line}
   size_t InitialHeapSize                          = 104857600                                 {product} {command line}
   size_t MaxHeapSize                              = 1073741824                                {product} {command line}
   size_t MaxNewSize                               = 357564416                                 {product} {ergonomic}
   size_t MinHeapDeltaBytes                        = 524288                                    {product} {ergonomic}
   size_t MinHeapSize                              = 104857600                                 {product} {command line}
   size_t NewSize                                  = 34603008                                  {product} {ergonomic}
    uintx NonNMethodCodeHeapSize                   = 5839372                                {pd product} {ergonomic}
    uintx NonProfiledCodeHeapSize                  = 122909434                              {pd product} {ergonomic}
   size_t OldSize                                  = 70254592                                  {product} {ergonomic}
    uintx ProfiledCodeHeapSize                     = 122909434                              {pd product} {ergonomic}
    uintx ReservedCodeCacheSize                    = 251658240                              {pd product} {ergonomic}
     bool SegmentedCodeCache                       = true                                      {product} {ergonomic}
   size_t SoftMaxHeapSize                          = 1073741824                             {manageable} {ergonomic}
     bool UseCompressedClassPointers               = true                           {product lp64_product} {ergonomic}
     bool UseCompressedOops                        = true                           {product lp64_product} {ergonomic}
     bool UseLargePagesIndividualAllocation        = false                                  {pd product} {ergonomic}
     bool UseParallelGC                            = true                                      {product} {command line}

Logging:
Log output configuration:
 #0: stdout all=warning uptime,level,tags
 #1: stderr all=off uptime,level,tags

Environment Variables:
PATH=C:\Program Files (x86)\VMware\VMware Player\bin\;C:\Program Files\Microsoft\jdk-11.0.12.7-hotspot\bin;C:\Program Files\Eclipse Foundation\jdk-11.0.12.7-hotspot\bin;C:\Python39\Scripts\;C:\Python39\;C:\ProgramData\Oracle\Java\javapath;C:\WINDOWS\system32;C:\WINDOWS;C:\WINDOWS\System32\Wbem;C:\WINDOWS\System32\WindowsPowerShell\v1.0\;C:\WINDOWS\System32\OpenSSH\;C:\Program Files\dotnet\;C:\Program Files\Microsoft SQL Server\130\Tools\Binn\;C:\Program Files\Microsoft SQL Server\Client SDK\ODBC\170\Tools\Binn\;C:\Program Files (x86)\Microsoft SQL Server\150\Tools\Binn\;C:\Program Files\Microsoft SQL Server\150\Tools\Binn\;C:\Program Files\Microsoft SQL Server\150\DTS\Binn\;C:\Program Files (x86)\Microsoft SQL Server\150\DTS\Binn\;C:\Program Files\Azure Data Studio\bin;C:\Program Files\nodejs\;C:\ProgramData\chocolatey\bin;C:\Program Files (x86)\dotnet\;C:\ProgramData\UNIVALI\Portugol Studio;C:\Program Files\Git\cmd;C:\Program Files\PowerShell\7\;C:\Users\welli\AppData\Local\Microsoft\WindowsApps;C:\Users\welli\AppData\Local\Programs\Microsoft VS Code\bin;C:\Users\welli\AppData\Local\GitHubDesktop\bin;C:\Users\welli\.dotnet\tools;C:\Program Files\Azure Data Studio\bin;C:\Users\welli\AppData\Roaming\npm;C:\Program Files\heroku\bin
USERNAME=Wellington
OS=Windows_NT
PROCESSOR_IDENTIFIER=Intel64 Family 6 Model 142 Stepping 10, GenuineIntel



---------------  S Y S T E M  ---------------

OS:
 Windows 10 , 64 bit Build 22000 (10.0.22000.434)
OS uptime: 1 days 18:49 hours

CPU: total 8 (initial active 8) (4 cores per cpu, 2 threads per core) family 6 model 142 stepping 10 microcode 0xe0, cx8, cmov, fxsr, ht, mmx, 3dnowpref, sse, sse2, sse3, ssse3, sse4.1, sse4.2, popcnt, lzcnt, tsc, tscinvbit, avx, avx2, aes, erms, clmul, bmi1, bmi2, adx, fma, vzeroupper, clflush, clflushopt

Memory: 4k page, system-wide physical 8108M (543M free)
TotalPageFile size 12204M (AvailPageFile size 1301M)
current process WorkingSet (physical memory assigned to process): 241M, peak: 247M
current process commit charge ("private bytes"): 302M, peak: 310M

vm_info: OpenJDK 64-Bit Server VM (17.0.1+12) for windows-amd64 JRE (17.0.1+12), built on Oct 20 2021 07:42:55 by "" with MS VC++ 16.7 (VS2019)

END.
